        -:    0:Source:/usr/include/c++/11/bits/basic_string.h
        -:    0:Graph:/home/maurycyt/Documents/IO/idlearn/defaultProblemPackages/test/cmake-build-debug-coverage/CMakeFiles/packageUtilsTest.dir/packageUtilsTest.cpp.gcno
        -:    0:Data:/home/maurycyt/Documents/IO/idlearn/defaultProblemPackages/test/cmake-build-debug-coverage/CMakeFiles/packageUtilsTest.dir/packageUtilsTest.cpp.gcda
        -:    0:Runs:1
        -:    1:// Components for manipulating sequences of characters -*- C++ -*-
        -:    2:
        -:    3:// Copyright (C) 1997-2021 Free Software Foundation, Inc.
        -:    4://
        -:    5:// This file is part of the GNU ISO C++ Library.  This library is free
        -:    6:// software; you can redistribute it and/or modify it under the
        -:    7:// terms of the GNU General Public License as published by the
        -:    8:// Free Software Foundation; either version 3, or (at your option)
        -:    9:// any later version.
        -:   10:
        -:   11:// This library is distributed in the hope that it will be useful,
        -:   12:// but WITHOUT ANY WARRANTY; without even the implied warranty of
        -:   13:// MERCHANTABILITY or FITNESS FOR A PARTICULAR PURPOSE.  See the
        -:   14:// GNU General Public License for more details.
        -:   15:
        -:   16:// Under Section 7 of GPL version 3, you are granted additional
        -:   17:// permissions described in the GCC Runtime Library Exception, version
        -:   18:// 3.1, as published by the Free Software Foundation.
        -:   19:
        -:   20:// You should have received a copy of the GNU General Public License and
        -:   21:// a copy of the GCC Runtime Library Exception along with this program;
        -:   22:// see the files COPYING3 and COPYING.RUNTIME respectively.  If not, see
        -:   23:// <http://www.gnu.org/licenses/>.
        -:   24:
        -:   25:/** @file bits/basic_string.h
        -:   26: *  This is an internal header file, included by other library headers.
        -:   27: *  Do not attempt to use it directly. @headername{string}
        -:   28: */
        -:   29:
        -:   30://
        -:   31:// ISO C++ 14882: 21 Strings library
        -:   32://
        -:   33:
        -:   34:#ifndef _BASIC_STRING_H
        -:   35:#define _BASIC_STRING_H 1
        -:   36:
        -:   37:#pragma GCC system_header
        -:   38:
        -:   39:#include <ext/atomicity.h>
        -:   40:#include <ext/alloc_traits.h>
        -:   41:#include <debug/debug.h>
        -:   42:
        -:   43:#if __cplusplus >= 201103L
        -:   44:#include <initializer_list>
        -:   45:#endif
        -:   46:
        -:   47:#if __cplusplus >= 201703L
        -:   48:# include <string_view>
        -:   49:#endif
        -:   50:
        -:   51:
        -:   52:namespace std _GLIBCXX_VISIBILITY(default)
        -:   53:{
        -:   54:_GLIBCXX_BEGIN_NAMESPACE_VERSION
        -:   55:
        -:   56:#if _GLIBCXX_USE_CXX11_ABI
        -:   57:_GLIBCXX_BEGIN_NAMESPACE_CXX11
        -:   58:  /**
        -:   59:   *  @class basic_string basic_string.h <string>
        -:   60:   *  @brief  Managing sequences of characters and character-like objects.
        -:   61:   *
        -:   62:   *  @ingroup strings
        -:   63:   *  @ingroup sequences
        -:   64:   *
        -:   65:   *  @tparam _CharT  Type of character
        -:   66:   *  @tparam _Traits  Traits for character type, defaults to
        -:   67:   *                   char_traits<_CharT>.
        -:   68:   *  @tparam _Alloc  Allocator type, defaults to allocator<_CharT>.
        -:   69:   *
        -:   70:   *  Meets the requirements of a <a href="tables.html#65">container</a>, a
        -:   71:   *  <a href="tables.html#66">reversible container</a>, and a
        -:   72:   *  <a href="tables.html#67">sequence</a>.  Of the
        -:   73:   *  <a href="tables.html#68">optional sequence requirements</a>, only
        -:   74:   *  @c push_back, @c at, and @c %array access are supported.
        -:   75:   */
        -:   76:  template<typename _CharT, typename _Traits, typename _Alloc>
        -:   77:    class basic_string
        -:   78:    {
        -:   79:      typedef typename __gnu_cxx::__alloc_traits<_Alloc>::template
        -:   80:	rebind<_CharT>::other _Char_alloc_type;
        -:   81:      typedef __gnu_cxx::__alloc_traits<_Char_alloc_type> _Alloc_traits;
        -:   82:
        -:   83:      // Types:
        -:   84:    public:
        -:   85:      typedef _Traits					traits_type;
        -:   86:      typedef typename _Traits::char_type		value_type;
        -:   87:      typedef _Char_alloc_type				allocator_type;
        -:   88:      typedef typename _Alloc_traits::size_type		size_type;
        -:   89:      typedef typename _Alloc_traits::difference_type	difference_type;
        -:   90:      typedef typename _Alloc_traits::reference		reference;
        -:   91:      typedef typename _Alloc_traits::const_reference	const_reference;
        -:   92:      typedef typename _Alloc_traits::pointer		pointer;
        -:   93:      typedef typename _Alloc_traits::const_pointer	const_pointer;
        -:   94:      typedef __gnu_cxx::__normal_iterator<pointer, basic_string>  iterator;
        -:   95:      typedef __gnu_cxx::__normal_iterator<const_pointer, basic_string>
        -:   96:							const_iterator;
        -:   97:      typedef std::reverse_iterator<const_iterator>	const_reverse_iterator;
        -:   98:      typedef std::reverse_iterator<iterator>		reverse_iterator;
        -:   99:
        -:  100:      ///  Value returned by various member functions when they fail.
        -:  101:      static const size_type	npos = static_cast<size_type>(-1);
        -:  102:
        -:  103:    protected:
        -:  104:      // type used for positions in insert, erase etc.
        -:  105:#if __cplusplus < 201103L
        -:  106:      typedef iterator __const_iterator;
        -:  107:#else
        -:  108:      typedef const_iterator __const_iterator;
        -:  109:#endif
        -:  110:
        -:  111:    private:
        -:  112:#if __cplusplus >= 201703L
        -:  113:      // A helper type for avoiding boiler-plate.
        -:  114:      typedef basic_string_view<_CharT, _Traits> __sv_type;
        -:  115:
        -:  116:      template<typename _Tp, typename _Res>
        -:  117:	using _If_sv = enable_if_t<
        -:  118:	  __and_<is_convertible<const _Tp&, __sv_type>,
        -:  119:		 __not_<is_convertible<const _Tp*, const basic_string*>>,
        -:  120:		 __not_<is_convertible<const _Tp&, const _CharT*>>>::value,
        -:  121:	  _Res>;
        -:  122:
        -:  123:      // Allows an implicit conversion to __sv_type.
        -:  124:      static __sv_type
        -:  125:      _S_to_string_view(__sv_type __svt) noexcept
        -:  126:      { return __svt; }
        -:  127:
        -:  128:      // Wraps a string_view by explicit conversion and thus
        -:  129:      // allows to add an internal constructor that does not
        -:  130:      // participate in overload resolution when a string_view
        -:  131:      // is provided.
        -:  132:      struct __sv_wrapper
        -:  133:      {
        -:  134:	explicit __sv_wrapper(__sv_type __sv) noexcept : _M_sv(__sv) { }
        -:  135:	__sv_type _M_sv;
        -:  136:      };
        -:  137:
        -:  138:      /**
        -:  139:       *  @brief  Only internally used: Construct string from a string view
        -:  140:       *          wrapper.
        -:  141:       *  @param  __svw  string view wrapper.
        -:  142:       *  @param  __a  Allocator to use.
        -:  143:       */
        -:  144:      explicit
        -:  145:      basic_string(__sv_wrapper __svw, const _Alloc& __a)
        -:  146:      : basic_string(__svw._M_sv.data(), __svw._M_sv.size(), __a) { }
        -:  147:#endif
        -:  148:
        -:  149:      // Use empty-base optimization: http://www.cantrip.org/emptyopt.html
      167:  150:      struct _Alloc_hider : allocator_type // TODO check __is_final
        -:  151:      {
        -:  152:#if __cplusplus < 201103L
        -:  153:	_Alloc_hider(pointer __dat, const _Alloc& __a = _Alloc())
        -:  154:	: allocator_type(__a), _M_p(__dat) { }
        -:  155:#else
       27:  156:	_Alloc_hider(pointer __dat, const _Alloc& __a)
       27:  157:	: allocator_type(__a), _M_p(__dat) { }
        -:  158:
      146:  159:	_Alloc_hider(pointer __dat, _Alloc&& __a = _Alloc())
      146:  160:	: allocator_type(std::move(__a)), _M_p(__dat) { }
       20:  160-block  0
call    0 returned 20
branch  1 taken 20 (fallthrough)
branch  2 taken 0 (throw)
        1:  160-block  1
branch  3 taken 0 (fallthrough)
branch  4 taken 1
       20:  160-block  2
call    5 returned 20
branch  6 taken 20 (fallthrough)
branch  7 taken 0 (throw)
        1:  160-block  3
branch  8 taken 0 (fallthrough)
branch  9 taken 1
       20:  160-block  4
call   10 returned 20
branch 11 taken 20 (fallthrough)
branch 12 taken 0 (throw)
        1:  160-block  5
branch 13 taken 0 (fallthrough)
branch 14 taken 1
       20:  160-block  6
call   15 returned 20
branch 16 taken 20 (fallthrough)
branch 17 taken 0 (throw)
        1:  160-block  7
branch 18 taken 0 (fallthrough)
branch 19 taken 1
       20:  160-block  8
call   20 returned 20
branch 21 taken 20 (fallthrough)
branch 22 taken 0 (throw)
        1:  160-block  9
branch 23 taken 0 (fallthrough)
branch 24 taken 1
       20:  160-block 10
call   25 returned 20
branch 26 taken 20 (fallthrough)
branch 27 taken 0 (throw)
        1:  160-block 11
branch 28 taken 0 (fallthrough)
branch 29 taken 1
       20:  160-block 12
call   30 returned 20
branch 31 taken 20 (fallthrough)
branch 32 taken 0 (throw)
        -:  161:#endif
        -:  162:
        -:  163:	pointer _M_p; // The actual data.
        -:  164:      };
        -:  165:
        -:  166:      _Alloc_hider	_M_dataplus;
        -:  167:      size_type		_M_string_length;
        -:  168:
        -:  169:      enum { _S_local_capacity = 15 / sizeof(_CharT) };
        -:  170:
        -:  171:      union
        -:  172:      {
        -:  173:	_CharT           _M_local_buf[_S_local_capacity + 1];
        -:  174:	size_type        _M_allocated_capacity;
        -:  175:      };
        -:  176:
        -:  177:      void
       49:  178:      _M_data(pointer __p)
       49:  179:      { _M_dataplus._M_p = __p; }
        -:  180:
        -:  181:      void
      173:  182:      _M_length(size_type __length)
      173:  183:      { _M_string_length = __length; }
        -:  184:
        -:  185:      pointer
     1007:  186:      _M_data() const
      167:  187:      { return _M_dataplus._M_p; }
      140:  187-block  0
branch  0 taken 21 (fallthrough)
branch  1 taken 119
       27:  187-block  1
branch  2 taken 3 (fallthrough)
branch  3 taken 24
        -:  188:
        -:  189:      pointer
      126:  190:      _M_local_data()
        1:  190-block  0
branch  0 taken 0 (fallthrough)
branch  1 taken 1
       20:  190-block  1
call    2 returned 20
branch  3 taken 20 (fallthrough)
branch  4 taken 0 (throw)
        1:  190-block  2
branch  5 taken 0 (fallthrough)
branch  6 taken 1
       20:  190-block  3
call    7 returned 20
branch  8 taken 20 (fallthrough)
branch  9 taken 0 (throw)
        1:  190-block  4
branch 10 taken 0 (fallthrough)
branch 11 taken 1
       20:  190-block  5
call   12 returned 20
branch 13 taken 20 (fallthrough)
branch 14 taken 0 (throw)
        1:  190-block  6
branch 15 taken 0 (fallthrough)
branch 16 taken 1
       20:  190-block  7
call   17 returned 20
branch 18 taken 20 (fallthrough)
branch 19 taken 0 (throw)
        1:  190-block  8
branch 20 taken 0 (fallthrough)
branch 21 taken 1
       20:  190-block  9
call   22 returned 20
branch 23 taken 20 (fallthrough)
branch 24 taken 0 (throw)
        1:  190-block 10
branch 25 taken 0 (fallthrough)
branch 26 taken 1
       20:  190-block 11
call   27 returned 20
branch 28 taken 20 (fallthrough)
branch 29 taken 0 (throw)
        -:  191:      {
        -:  192:#if __cplusplus >= 201103L
       20:  193:	return std::pointer_traits<pointer>::pointer_to(*_M_local_buf);
       20:  193-block  0
call    0 returned 20
branch  1 taken 20 (fallthrough)
branch  2 taken 0 (throw)
        -:  194:#else
        -:  195:	return pointer(_M_local_buf);
        -:  196:#endif
        -:  197:      }
        -:  198:
        -:  199:      const_pointer
      167:  200:      _M_local_data() const
        -:  201:      {
        -:  202:#if __cplusplus >= 201103L
       41:  203:	return std::pointer_traits<const_pointer>::pointer_to(*_M_local_buf);
        -:  204:#else
        -:  205:	return const_pointer(_M_local_buf);
        -:  206:#endif
        -:  207:      }
        -:  208:
        -:  209:      void
       49:  210:      _M_capacity(size_type __capacity)
       49:  211:      { _M_allocated_capacity = __capacity; }
        -:  212:
        -:  213:      void
      173:  214:      _M_set_length(size_type __n)
        -:  215:      {
      173:  216:	_M_length(__n);
        6:  217:	traits_type::assign(_M_data()[__n], _CharT());
        1:  217-block  0
branch  0 taken 0 (fallthrough)
branch  1 taken 1
        1:  217-block  1
branch  2 taken 0 (fallthrough)
branch  3 taken 1
        1:  217-block  2
branch  4 taken 0 (fallthrough)
branch  5 taken 1
        1:  217-block  3
branch  6 taken 0 (fallthrough)
branch  7 taken 1
        1:  217-block  4
branch  8 taken 0 (fallthrough)
branch  9 taken 1
        1:  217-block  5
branch 10 taken 0 (fallthrough)
branch 11 taken 1
        -:  218:      }
        -:  219:
        -:  220:      bool
      167:  221:      _M_is_local() const
      167:  222:      { return _M_data() == _M_local_data(); }
        -:  223:
        -:  224:      // Create & Destroy
        -:  225:      pointer
        -:  226:      _M_create(size_type&, size_type);
        -:  227:
        -:  228:      void
      167:  229:      _M_dispose()
        -:  230:      {
      167:  231:	if (!_M_is_local())
     216*:  232:	  _M_destroy(_M_allocated_capacity);
        -:  233:      }
        -:  234:
        -:  235:      void
      49*:  236:      _M_destroy(size_type __size) throw()
      49*:  237:      { _Alloc_traits::deallocate(_M_get_allocator(), _M_data(), __size + 1); }
        -:  238:
        -:  239:      // _M_construct_aux is used to implement the 21.3.1 para 15 which
        -:  240:      // requires special behaviour if _InIterator is an integral type
        -:  241:      template<typename _InIterator>
        -:  242:        void
      167:  243:        _M_construct_aux(_InIterator __beg, _InIterator __end,
        -:  244:			 std::__false_type)
        -:  245:	{
        -:  246:          typedef typename iterator_traits<_InIterator>::iterator_category _Tag;
      167:  247:          _M_construct(__beg, __end, _Tag());
        -:  248:	}
        -:  249:
        -:  250:      // _GLIBCXX_RESOLVE_LIB_DEFECTS
        -:  251:      // 438. Ambiguity in the "do the right thing" clause
        -:  252:      template<typename _Integer>
        -:  253:        void
        -:  254:        _M_construct_aux(_Integer __beg, _Integer __end, std::__true_type)
        -:  255:	{ _M_construct_aux_2(static_cast<size_type>(__beg), __end); }
        -:  256:
        -:  257:      void
        -:  258:      _M_construct_aux_2(size_type __req, _CharT __c)
        -:  259:      { _M_construct(__req, __c); }
        -:  260:
        -:  261:      template<typename _InIterator>
        -:  262:        void
       27:  263:        _M_construct(_InIterator __beg, _InIterator __end)
       27:  263-block  0
call    0 returned 27
        -:  264:	{
        -:  265:	  typedef typename std::__is_integer<_InIterator>::__type _Integral;
      167:  266:	  _M_construct_aux(__beg, __end, _Integral());
        -:  267:        }
        -:  268:
        -:  269:      // For Input Iterators, used in istreambuf_iterators, etc.
        -:  270:      template<typename _InIterator>
        -:  271:        void
        -:  272:        _M_construct(_InIterator __beg, _InIterator __end,
        -:  273:		     std::input_iterator_tag);
        -:  274:
        -:  275:      // For forward_iterators up to random_access_iterators, used for
        -:  276:      // string::iterator, _CharT*, etc.
        -:  277:      template<typename _FwdIterator>
        -:  278:        void
        -:  279:        _M_construct(_FwdIterator __beg, _FwdIterator __end,
        -:  280:		     std::forward_iterator_tag);
        -:  281:
        -:  282:      void
        -:  283:      _M_construct(size_type __req, _CharT __c);
        -:  284:
        -:  285:      allocator_type&
      36*:  286:      _M_get_allocator()
    %%%%%:  286-block  0
call    0 never executed
        6:  286-block  1
call    1 returned 6
    $$$$$:  286-block  2
call    2 never executed
    $$$$$:  286-block  3
call    3 never executed
    %%%%%:  286-block  4
call    4 never executed
        6:  286-block  5
call    5 returned 6
    $$$$$:  286-block  6
call    6 never executed
    $$$$$:  286-block  7
call    7 never executed
    %%%%%:  286-block  8
call    8 never executed
        6:  286-block  9
call    9 returned 6
    $$$$$:  286-block 10
call   10 never executed
    $$$$$:  286-block 11
call   11 never executed
    %%%%%:  286-block 12
call   12 never executed
        6:  286-block 13
call   13 returned 6
    $$$$$:  286-block 14
call   14 never executed
    $$$$$:  286-block 15
call   15 never executed
    %%%%%:  286-block 16
call   16 never executed
        6:  286-block 17
call   17 returned 6
    $$$$$:  286-block 18
call   18 never executed
    $$$$$:  286-block 19
call   19 never executed
    %%%%%:  286-block 20
call   20 never executed
        6:  286-block 21
call   21 returned 6
    $$$$$:  286-block 22
call   22 never executed
    $$$$$:  286-block 23
call   23 never executed
       62:  287:      { return _M_dataplus; }
        6:  287-block  0
call    0 returned 6
       49:  287-block  1
call    1 returned 49
        1:  287-block  2
call    2 returned 1
        6:  287-block  3
call    3 returned 6
    $$$$$:  287-block  4
call    4 never executed
        -:  288:
        -:  289:      const allocator_type&
      140:  290:      _M_get_allocator() const
      140:  291:      { return _M_dataplus; }
        -:  292:
        -:  293:    private:
        -:  294:
        -:  295:#ifdef _GLIBCXX_DISAMBIGUATE_REPLACE_INST
        -:  296:      // The explicit instantiations in misc-inst.cc require this due to
        -:  297:      // https://gcc.gnu.org/bugzilla/show_bug.cgi?id=64063
        -:  298:      template<typename _Tp, bool _Requires =
        -:  299:	       !__are_same<_Tp, _CharT*>::__value
        -:  300:	       && !__are_same<_Tp, const _CharT*>::__value
        -:  301:	       && !__are_same<_Tp, iterator>::__value
        -:  302:	       && !__are_same<_Tp, const_iterator>::__value>
        -:  303:	struct __enable_if_not_native_iterator
        -:  304:	{ typedef basic_string& __type; };
        -:  305:      template<typename _Tp>
        -:  306:	struct __enable_if_not_native_iterator<_Tp, false> { };
        -:  307:#endif
        -:  308:
        -:  309:      size_type
        -:  310:      _M_check(size_type __pos, const char* __s) const
        -:  311:      {
        -:  312:	if (__pos > this->size())
        -:  313:	  __throw_out_of_range_fmt(__N("%s: __pos (which is %zu) > "
        -:  314:				       "this->size() (which is %zu)"),
        -:  315:				   __s, __pos, this->size());
        -:  316:	return __pos;
        -:  317:      }
        -:  318:
        -:  319:      void
        -:  320:      _M_check_length(size_type __n1, size_type __n2, const char* __s) const
        -:  321:      {
        -:  322:	if (this->max_size() - (this->size() - __n1) < __n2)
        -:  323:	  __throw_length_error(__N(__s));
        -:  324:      }
        -:  325:
        -:  326:
        -:  327:      // NB: _M_limit doesn't check for a bad __pos value.
        -:  328:      size_type
        -:  329:      _M_limit(size_type __pos, size_type __off) const _GLIBCXX_NOEXCEPT
        -:  330:      {
        -:  331:	const bool __testoff =  __off < this->size() - __pos;
        -:  332:	return __testoff ? __off : this->size() - __pos;
        -:  333:      }
        -:  334:
        -:  335:      // True if _Rep and source do not overlap.
        -:  336:      bool
        -:  337:      _M_disjunct(const _CharT* __s) const _GLIBCXX_NOEXCEPT
        -:  338:      {
        -:  339:	return (less<const _CharT*>()(__s, _M_data())
        -:  340:		|| less<const _CharT*>()(_M_data() + this->size(), __s));
        -:  341:      }
        -:  342:
        -:  343:      // When __n = 1 way faster than the general multichar
        -:  344:      // traits_type::copy/move/assign.
        -:  345:      static void
      167:  346:      _S_copy(_CharT* __d, const _CharT* __s, size_type __n)
        -:  347:      {
      167:  348:	if (__n == 1)
      167:  349:	  traits_type::assign(*__d, *__s);
        -:  350:	else
      167:  351:	  traits_type::copy(__d, __s, __n);
        -:  352:      }
        -:  353:
        -:  354:      static void
        -:  355:      _S_move(_CharT* __d, const _CharT* __s, size_type __n)
        -:  356:      {
        -:  357:	if (__n == 1)
        -:  358:	  traits_type::assign(*__d, *__s);
        -:  359:	else
        -:  360:	  traits_type::move(__d, __s, __n);
        -:  361:      }
        -:  362:
        -:  363:      static void
        -:  364:      _S_assign(_CharT* __d, size_type __n, _CharT __c)
        -:  365:      {
        -:  366:	if (__n == 1)
        -:  367:	  traits_type::assign(*__d, __c);
        -:  368:	else
        -:  369:	  traits_type::assign(__d, __n, __c);
        -:  370:      }
        -:  371:
        -:  372:      // _S_copy_chars is a separate template to permit specialization
        -:  373:      // to optimize for the common case of pointers as iterators.
        -:  374:      template<class _Iterator>
        -:  375:        static void
        -:  376:        _S_copy_chars(_CharT* __p, _Iterator __k1, _Iterator __k2)
        -:  377:        {
        -:  378:	  for (; __k1 != __k2; ++__k1, (void)++__p)
        -:  379:	    traits_type::assign(*__p, *__k1); // These types are off.
        -:  380:	}
        -:  381:
        -:  382:      static void
        -:  383:      _S_copy_chars(_CharT* __p, iterator __k1, iterator __k2) _GLIBCXX_NOEXCEPT
        -:  384:      { _S_copy_chars(__p, __k1.base(), __k2.base()); }
        -:  385:
        -:  386:      static void
        -:  387:      _S_copy_chars(_CharT* __p, const_iterator __k1, const_iterator __k2)
        -:  388:      _GLIBCXX_NOEXCEPT
        -:  389:      { _S_copy_chars(__p, __k1.base(), __k2.base()); }
        -:  390:
        -:  391:      static void
      140:  392:      _S_copy_chars(_CharT* __p, _CharT* __k1, _CharT* __k2) _GLIBCXX_NOEXCEPT
      140:  393:      { _S_copy(__p, __k1, __k2 - __k1); }
      140:  393-block  0
branch  0 taken 21 (fallthrough)
branch  1 taken 119
        -:  394:
        -:  395:      static void
       27:  396:      _S_copy_chars(_CharT* __p, const _CharT* __k1, const _CharT* __k2)
        -:  397:      _GLIBCXX_NOEXCEPT
       27:  398:      { _S_copy(__p, __k1, __k2 - __k1); }
       27:  398-block  0
branch  0 taken 3 (fallthrough)
branch  1 taken 24
        -:  399:
        -:  400:      static int
        -:  401:      _S_compare(size_type __n1, size_type __n2) _GLIBCXX_NOEXCEPT
        -:  402:      {
        -:  403:	const difference_type __d = difference_type(__n1 - __n2);
        -:  404:
        -:  405:	if (__d > __gnu_cxx::__numeric_traits<int>::__max)
        -:  406:	  return __gnu_cxx::__numeric_traits<int>::__max;
        -:  407:	else if (__d < __gnu_cxx::__numeric_traits<int>::__min)
        -:  408:	  return __gnu_cxx::__numeric_traits<int>::__min;
        -:  409:	else
        -:  410:	  return int(__d);
        -:  411:      }
        -:  412:
        -:  413:      void
        -:  414:      _M_assign(const basic_string&);
        -:  415:
        -:  416:      void
        -:  417:      _M_mutate(size_type __pos, size_type __len1, const _CharT* __s,
        -:  418:		size_type __len2);
        -:  419:
        -:  420:      void
        -:  421:      _M_erase(size_type __pos, size_type __n);
        -:  422:
        -:  423:    public:
        -:  424:      // Construct/copy/destroy:
        -:  425:      // NB: We overload ctors in some cases instead of using default
        -:  426:      // arguments, per 17.4.4.4 para. 2 item 2.
        -:  427:
        -:  428:      /**
        -:  429:       *  @brief  Default constructor creates an empty string.
        -:  430:       */
        6:  431:      basic_string()
        -:  432:      _GLIBCXX_NOEXCEPT_IF(is_nothrow_default_constructible<_Alloc>::value)
        6:  433:      : _M_dataplus(_M_local_data())
        1:  433-block  0
branch  0 taken 0 (fallthrough)
branch  1 taken 1
        1:  433-block  1
branch  2 taken 0 (fallthrough)
branch  3 taken 1
        1:  433-block  2
branch  4 taken 0 (fallthrough)
branch  5 taken 1
        1:  433-block  3
branch  6 taken 0 (fallthrough)
branch  7 taken 1
        1:  433-block  4
branch  8 taken 0 (fallthrough)
branch  9 taken 1
        1:  433-block  5
branch 10 taken 0 (fallthrough)
branch 11 taken 1
        6:  434:      { _M_set_length(0); }
        1:  434-block  0
branch  0 taken 0 (fallthrough)
branch  1 taken 1
        1:  434-block  1
branch  2 taken 0 (fallthrough)
branch  3 taken 1
        1:  434-block  2
branch  4 taken 0 (fallthrough)
branch  5 taken 1
        1:  434-block  3
branch  6 taken 0 (fallthrough)
branch  7 taken 1
        1:  434-block  4
branch  8 taken 0 (fallthrough)
branch  9 taken 1
        1:  434-block  5
branch 10 taken 0 (fallthrough)
branch 11 taken 1
        -:  435:
        -:  436:      /**
        -:  437:       *  @brief  Construct an empty string using allocator @a a.
        -:  438:       */
        -:  439:      explicit
        -:  440:      basic_string(const _Alloc& __a) _GLIBCXX_NOEXCEPT
        -:  441:      : _M_dataplus(_M_local_data(), __a)
        -:  442:      { _M_set_length(0); }
        -:  443:
        -:  444:      /**
        -:  445:       *  @brief  Construct string with copy of value of @a __str.
        -:  446:       *  @param  __str  Source string.
        -:  447:       */
      140:  448:      basic_string(const basic_string& __str)
      140:  449:      : _M_dataplus(_M_local_data(),
      140:  450:		    _Alloc_traits::_S_select_on_copy(__str._M_get_allocator()))
       20:  450-block  0
call    0 returned 20
branch  1 taken 20 (fallthrough)
branch  2 taken 0 (throw)
       20:  450-block  1
call    3 returned 20
branch  4 taken 20 (fallthrough)
branch  5 taken 0 (throw)
       20:  450-block  2
call    6 returned 20
branch  7 taken 20 (fallthrough)
branch  8 taken 0 (throw)
       20:  450-block  3
call    9 returned 20
branch 10 taken 20 (fallthrough)
branch 11 taken 0 (throw)
       20:  450-block  4
call   12 returned 20
branch 13 taken 20 (fallthrough)
branch 14 taken 0 (throw)
       20:  450-block  5
call   15 returned 20
branch 16 taken 20 (fallthrough)
branch 17 taken 0 (throw)
       20:  450-block  6
call   18 returned 20
branch 19 taken 20 (fallthrough)
branch 20 taken 0 (throw)
      140:  451:      { _M_construct(__str._M_data(), __str._M_data() + __str.length()); }
       20:  451-block  0
       20:  451-block  1
       20:  451-block  2
call    0 returned 20
branch  1 taken 20 (fallthrough)
branch  2 taken 0 (throw)
       20:  451-block  3
       20:  451-block  4
call    3 returned 20
branch  4 taken 20 (fallthrough)
branch  5 taken 0 (throw)
       20:  451-block  5
       20:  451-block  6
call    6 returned 20
branch  7 taken 20 (fallthrough)
branch  8 taken 0 (throw)
       20:  451-block  7
       20:  451-block  8
call    9 returned 20
branch 10 taken 20 (fallthrough)
branch 11 taken 0 (throw)
       20:  451-block  9
       20:  451-block 10
call   12 returned 20
branch 13 taken 20 (fallthrough)
branch 14 taken 0 (throw)
       20:  451-block 11
       20:  451-block 12
call   15 returned 20
branch 16 taken 20 (fallthrough)
branch 17 taken 0 (throw)
        -:  452:
        -:  453:      // _GLIBCXX_RESOLVE_LIB_DEFECTS
        -:  454:      // 2583. no way to supply an allocator for basic_string(str, pos)
        -:  455:      /**
        -:  456:       *  @brief  Construct string as copy of a substring.
        -:  457:       *  @param  __str  Source string.
        -:  458:       *  @param  __pos  Index of first character to copy from.
        -:  459:       *  @param  __a  Allocator to use.
        -:  460:       */
        -:  461:      basic_string(const basic_string& __str, size_type __pos,
        -:  462:		   const _Alloc& __a = _Alloc())
        -:  463:      : _M_dataplus(_M_local_data(), __a)
        -:  464:      {
        -:  465:	const _CharT* __start = __str._M_data()
        -:  466:	  + __str._M_check(__pos, "basic_string::basic_string");
        -:  467:	_M_construct(__start, __start + __str._M_limit(__pos, npos));
        -:  468:      }
        -:  469:
        -:  470:      /**
        -:  471:       *  @brief  Construct string as copy of a substring.
        -:  472:       *  @param  __str  Source string.
        -:  473:       *  @param  __pos  Index of first character to copy from.
        -:  474:       *  @param  __n  Number of characters to copy.
        -:  475:       */
        -:  476:      basic_string(const basic_string& __str, size_type __pos,
        -:  477:		   size_type __n)
        -:  478:      : _M_dataplus(_M_local_data())
        -:  479:      {
        -:  480:	const _CharT* __start = __str._M_data()
        -:  481:	  + __str._M_check(__pos, "basic_string::basic_string");
        -:  482:	_M_construct(__start, __start + __str._M_limit(__pos, __n));
        -:  483:      }
        -:  484:
        -:  485:      /**
        -:  486:       *  @brief  Construct string as copy of a substring.
        -:  487:       *  @param  __str  Source string.
        -:  488:       *  @param  __pos  Index of first character to copy from.
        -:  489:       *  @param  __n  Number of characters to copy.
        -:  490:       *  @param  __a  Allocator to use.
        -:  491:       */
        -:  492:      basic_string(const basic_string& __str, size_type __pos,
        -:  493:		   size_type __n, const _Alloc& __a)
        -:  494:      : _M_dataplus(_M_local_data(), __a)
        -:  495:      {
        -:  496:	const _CharT* __start
        -:  497:	  = __str._M_data() + __str._M_check(__pos, "string::string");
        -:  498:	_M_construct(__start, __start + __str._M_limit(__pos, __n));
        -:  499:      }
        -:  500:
        -:  501:      /**
        -:  502:       *  @brief  Construct string initialized by a character %array.
        -:  503:       *  @param  __s  Source character %array.
        -:  504:       *  @param  __n  Number of characters to copy.
        -:  505:       *  @param  __a  Allocator to use (default is default allocator).
        -:  506:       *
        -:  507:       *  NB: @a __s must have at least @a __n characters, &apos;\\0&apos;
        -:  508:       *  has no special meaning.
        -:  509:       */
        -:  510:      basic_string(const _CharT* __s, size_type __n,
        -:  511:		   const _Alloc& __a = _Alloc())
        -:  512:      : _M_dataplus(_M_local_data(), __a)
        -:  513:      { _M_construct(__s, __s + __n); }
        -:  514:
        -:  515:      /**
        -:  516:       *  @brief  Construct string as copy of a C string.
        -:  517:       *  @param  __s  Source C string.
        -:  518:       *  @param  __a  Allocator to use (default is default allocator).
        -:  519:       */
        -:  520:#if __cpp_deduction_guides && ! defined _GLIBCXX_DEFINING_STRING_INSTANTIATIONS
        -:  521:      // _GLIBCXX_RESOLVE_LIB_DEFECTS
        -:  522:      // 3076. basic_string CTAD ambiguity
        -:  523:      template<typename = _RequireAllocator<_Alloc>>
        -:  524:#endif
function _ZNSt7__cxx1112basic_stringIcSt11char_traitsIcESaIcEEC2IS3_EEPKcRKS3_ called 27 returned 100% blocks executed 100%
       27:  525:      basic_string(const _CharT* __s, const _Alloc& __a = _Alloc())
       27:  526:      : _M_dataplus(_M_local_data(), __a)
       27:  526-block  0
branch  0 taken 27 (fallthrough)
branch  1 taken 0
       27:  527:      { _M_construct(__s, __s ? __s + traits_type::length(__s) : __s+npos); }
       27:  527-block  0
branch  0 taken 27 (fallthrough)
branch  1 taken 0
       27:  527-block  1
        -:  528:
        -:  529:      /**
        -:  530:       *  @brief  Construct string as multiple characters.
        -:  531:       *  @param  __n  Number of characters.
        -:  532:       *  @param  __c  Character to use.
        -:  533:       *  @param  __a  Allocator to use (default is default allocator).
        -:  534:       */
        -:  535:#if __cpp_deduction_guides && ! defined _GLIBCXX_DEFINING_STRING_INSTANTIATIONS
        -:  536:      // _GLIBCXX_RESOLVE_LIB_DEFECTS
        -:  537:      // 3076. basic_string CTAD ambiguity
        -:  538:      template<typename = _RequireAllocator<_Alloc>>
        -:  539:#endif
        -:  540:      basic_string(size_type __n, _CharT __c, const _Alloc& __a = _Alloc())
        -:  541:      : _M_dataplus(_M_local_data(), __a)
        -:  542:      { _M_construct(__n, __c); }
        -:  543:
        -:  544:#if __cplusplus >= 201103L
        -:  545:      /**
        -:  546:       *  @brief  Move construct string.
        -:  547:       *  @param  __str  Source string.
        -:  548:       *
        -:  549:       *  The newly-created string contains the exact contents of @a __str.
        -:  550:       *  @a __str is a valid, but unspecified string.
        -:  551:       */
        -:  552:      basic_string(basic_string&& __str) noexcept
        -:  553:      : _M_dataplus(_M_local_data(), std::move(__str._M_get_allocator()))
        -:  554:      {
        -:  555:	if (__str._M_is_local())
        -:  556:	  {
        -:  557:	    traits_type::copy(_M_local_buf, __str._M_local_buf,
        -:  558:			      _S_local_capacity + 1);
        -:  559:	  }
        -:  560:	else
        -:  561:	  {
        -:  562:	    _M_data(__str._M_data());
        -:  563:	    _M_capacity(__str._M_allocated_capacity);
        -:  564:	  }
        -:  565:
        -:  566:	// Must use _M_length() here not _M_set_length() because
        -:  567:	// basic_stringbuf relies on writing into unallocated capacity so
        -:  568:	// we mess up the contents if we put a '\0' in the string.
        -:  569:	_M_length(__str.length());
        -:  570:	__str._M_data(__str._M_local_data());
        -:  571:	__str._M_set_length(0);
        -:  572:      }
        -:  573:
        -:  574:      /**
        -:  575:       *  @brief  Construct string from an initializer %list.
        -:  576:       *  @param  __l  std::initializer_list of characters.
        -:  577:       *  @param  __a  Allocator to use (default is default allocator).
        -:  578:       */
        -:  579:      basic_string(initializer_list<_CharT> __l, const _Alloc& __a = _Alloc())
        -:  580:      : _M_dataplus(_M_local_data(), __a)
        -:  581:      { _M_construct(__l.begin(), __l.end()); }
        -:  582:
        -:  583:      basic_string(const basic_string& __str, const _Alloc& __a)
        -:  584:      : _M_dataplus(_M_local_data(), __a)
        -:  585:      { _M_construct(__str.begin(), __str.end()); }
        -:  586:
        -:  587:      basic_string(basic_string&& __str, const _Alloc& __a)
        -:  588:      noexcept(_Alloc_traits::_S_always_equal())
        -:  589:      : _M_dataplus(_M_local_data(), __a)
        -:  590:      {
        -:  591:	if (__str._M_is_local())
        -:  592:	  {
        -:  593:	    traits_type::copy(_M_local_buf, __str._M_local_buf,
        -:  594:			      _S_local_capacity + 1);
        -:  595:	    _M_length(__str.length());
        -:  596:	    __str._M_set_length(0);
        -:  597:	  }
        -:  598:	else if (_Alloc_traits::_S_always_equal()
        -:  599:	    || __str.get_allocator() == __a)
        -:  600:	  {
        -:  601:	    _M_data(__str._M_data());
        -:  602:	    _M_length(__str.length());
        -:  603:	    _M_capacity(__str._M_allocated_capacity);
        -:  604:	    __str._M_data(__str._M_local_buf);
        -:  605:	    __str._M_set_length(0);
        -:  606:	  }
        -:  607:	else
        -:  608:	  _M_construct(__str.begin(), __str.end());
        -:  609:      }
        -:  610:
        -:  611:#endif // C++11
        -:  612:
        -:  613:      /**
        -:  614:       *  @brief  Construct string as copy of a range.
        -:  615:       *  @param  __beg  Start of range.
        -:  616:       *  @param  __end  End of range.
        -:  617:       *  @param  __a  Allocator to use (default is default allocator).
        -:  618:       */
        -:  619:#if __cplusplus >= 201103L
        -:  620:      template<typename _InputIterator,
        -:  621:	       typename = std::_RequireInputIter<_InputIterator>>
        -:  622:#else
        -:  623:      template<typename _InputIterator>
        -:  624:#endif
        -:  625:        basic_string(_InputIterator __beg, _InputIterator __end,
        -:  626:		     const _Alloc& __a = _Alloc())
        -:  627:	: _M_dataplus(_M_local_data(), __a)
        -:  628:	{ _M_construct(__beg, __end); }
        -:  629:
        -:  630:#if __cplusplus >= 201703L
        -:  631:      /**
        -:  632:       *  @brief  Construct string from a substring of a string_view.
        -:  633:       *  @param  __t   Source object convertible to string view.
        -:  634:       *  @param  __pos The index of the first character to copy from __t.
        -:  635:       *  @param  __n   The number of characters to copy from __t.
        -:  636:       *  @param  __a   Allocator to use.
        -:  637:       */
        -:  638:      template<typename _Tp, typename = _If_sv<_Tp, void>>
        -:  639:	basic_string(const _Tp& __t, size_type __pos, size_type __n,
        -:  640:		     const _Alloc& __a = _Alloc())
        -:  641:	: basic_string(_S_to_string_view(__t).substr(__pos, __n), __a) { }
        -:  642:
        -:  643:      /**
        -:  644:       *  @brief  Construct string from a string_view.
        -:  645:       *  @param  __t  Source object convertible to string view.
        -:  646:       *  @param  __a  Allocator to use (default is default allocator).
        -:  647:       */
        -:  648:      template<typename _Tp, typename = _If_sv<_Tp, void>>
        -:  649:	explicit
        -:  650:	basic_string(const _Tp& __t, const _Alloc& __a = _Alloc())
        -:  651:	: basic_string(__sv_wrapper(_S_to_string_view(__t)), __a) { }
        -:  652:#endif // C++17
        -:  653:
        -:  654:      /**
        -:  655:       *  @brief  Destroy the string instance.
        -:  656:       */
function _ZNSt7__cxx1112basic_stringIcSt11char_traitsIcESaIcEED2Ev called 1 returned 100% blocks executed 100%
      167:  657:      ~basic_string()
       20:  657-block  0
branch  0 taken 6 (fallthrough)
branch  1 taken 14
        1:  657-block  1
branch  2 taken 0 (fallthrough)
branch  3 taken 1
       20:  657-block  2
branch  4 taken 6 (fallthrough)
branch  5 taken 14
    $$$$$:  657-block  3
branch  6 never executed
branch  7 never executed
    $$$$$:  657-block  4
branch  8 never executed
branch  9 never executed
        1:  657-block  5
branch 10 taken 0 (fallthrough)
branch 11 taken 1
       20:  657-block  6
branch 12 taken 6 (fallthrough)
branch 13 taken 14
    $$$$$:  657-block  7
branch 14 never executed
branch 15 never executed
    $$$$$:  657-block  8
branch 16 never executed
branch 17 never executed
        1:  657-block  9
branch 18 taken 0 (fallthrough)
branch 19 taken 1
       20:  657-block 10
branch 20 taken 6 (fallthrough)
branch 21 taken 14
    $$$$$:  657-block 11
branch 22 never executed
branch 23 never executed
    $$$$$:  657-block 12
branch 24 never executed
branch 25 never executed
        1:  657-block 13
branch 26 taken 0 (fallthrough)
branch 27 taken 1
       20:  657-block 14
branch 28 taken 6 (fallthrough)
branch 29 taken 14
    $$$$$:  657-block 15
branch 30 never executed
branch 31 never executed
    $$$$$:  657-block 16
branch 32 never executed
branch 33 never executed
        1:  657-block 17
branch 34 taken 0 (fallthrough)
branch 35 taken 1
       20:  657-block 18
branch 36 taken 6 (fallthrough)
branch 37 taken 14
    $$$$$:  657-block 19
branch 38 never executed
branch 39 never executed
    $$$$$:  657-block 20
branch 40 never executed
branch 41 never executed
        1:  657-block 21
branch 42 taken 0 (fallthrough)
branch 43 taken 1
       20:  657-block 22
branch 44 taken 6 (fallthrough)
branch 45 taken 14
    $$$$$:  657-block 23
branch 46 never executed
branch 47 never executed
    $$$$$:  657-block 24
branch 48 never executed
branch 49 never executed
        1:  657-block 25
branch 50 taken 1 (fallthrough)
branch 51 taken 0
       20:  657-block 26
branch 52 taken 6 (fallthrough)
branch 53 taken 14
    $$$$$:  657-block 27
branch 54 never executed
branch 55 never executed
      166:  658:      { _M_dispose(); }
       20:  658-block  0
        1:  658-block  1
branch  0 taken 0 (fallthrough)
branch  1 taken 1
       20:  658-block  2
    $$$$$:  658-block  3
    $$$$$:  658-block  4
        1:  658-block  5
branch  2 taken 0 (fallthrough)
branch  3 taken 1
       20:  658-block  6
    $$$$$:  658-block  7
    $$$$$:  658-block  8
        1:  658-block  9
branch  4 taken 0 (fallthrough)
branch  5 taken 1
       20:  658-block 10
    $$$$$:  658-block 11
    $$$$$:  658-block 12
        1:  658-block 13
branch  6 taken 0 (fallthrough)
branch  7 taken 1
       20:  658-block 14
    $$$$$:  658-block 15
    $$$$$:  658-block 16
        1:  658-block 17
branch  8 taken 0 (fallthrough)
branch  9 taken 1
       20:  658-block 18
    $$$$$:  658-block 19
    $$$$$:  658-block 20
        1:  658-block 21
branch 10 taken 0 (fallthrough)
branch 11 taken 1
       20:  658-block 22
    $$$$$:  658-block 23
    $$$$$:  658-block 24
       20:  658-block 25
    $$$$$:  658-block 26
        -:  659:
        -:  660:      /**
        -:  661:       *  @brief  Assign the value of @a str to this string.
        -:  662:       *  @param  __str  Source string.
        -:  663:       */
        -:  664:      basic_string&
        -:  665:      operator=(const basic_string& __str)
        -:  666:      {
        -:  667:	return this->assign(__str);
        -:  668:      }
        -:  669:
        -:  670:      /**
        -:  671:       *  @brief  Copy contents of @a s into this string.
        -:  672:       *  @param  __s  Source null-terminated string.
        -:  673:       */
        -:  674:      basic_string&
        -:  675:      operator=(const _CharT* __s)
        -:  676:      { return this->assign(__s); }
        -:  677:
        -:  678:      /**
        -:  679:       *  @brief  Set value to string of length 1.
        -:  680:       *  @param  __c  Source character.
        -:  681:       *
        -:  682:       *  Assigning to a character makes this string length 1 and
        -:  683:       *  (*this)[0] == @a c.
        -:  684:       */
        -:  685:      basic_string&
        -:  686:      operator=(_CharT __c)
        -:  687:      {
        -:  688:	this->assign(1, __c);
        -:  689:	return *this;
        -:  690:      }
        -:  691:
        -:  692:#if __cplusplus >= 201103L
        -:  693:      /**
        -:  694:       *  @brief  Move assign the value of @a str to this string.
        -:  695:       *  @param  __str  Source string.
        -:  696:       *
        -:  697:       *  The contents of @a str are moved into this string (without copying).
        -:  698:       *  @a str is a valid, but unspecified string.
        -:  699:       */
        -:  700:      // _GLIBCXX_RESOLVE_LIB_DEFECTS
        -:  701:      // 2063. Contradictory requirements for string move assignment
        -:  702:      basic_string&
        -:  703:      operator=(basic_string&& __str)
        -:  704:      noexcept(_Alloc_traits::_S_nothrow_move())
        -:  705:      {
        -:  706:	if (!_M_is_local() && _Alloc_traits::_S_propagate_on_move_assign()
        -:  707:	    && !_Alloc_traits::_S_always_equal()
        -:  708:	    && _M_get_allocator() != __str._M_get_allocator())
        -:  709:	  {
        -:  710:	    // Destroy existing storage before replacing allocator.
        -:  711:	    _M_destroy(_M_allocated_capacity);
        -:  712:	    _M_data(_M_local_data());
        -:  713:	    _M_set_length(0);
        -:  714:	  }
        -:  715:	// Replace allocator if POCMA is true.
        -:  716:	std::__alloc_on_move(_M_get_allocator(), __str._M_get_allocator());
        -:  717:
        -:  718:	if (__str._M_is_local())
        -:  719:	  {
        -:  720:	    // We've always got room for a short string, just copy it
        -:  721:	    // (unless this is a self-move, because that would violate the
        -:  722:	    // char_traits::copy precondition that the ranges don't overlap).
        -:  723:	    if (__builtin_expect(std::__addressof(__str) != this, true))
        -:  724:	      {
        -:  725:		if (__str.size())
        -:  726:		  this->_S_copy(_M_data(), __str._M_data(), __str.size());
        -:  727:		_M_set_length(__str.size());
        -:  728:	      }
        -:  729:	  }
        -:  730:	else if (_Alloc_traits::_S_propagate_on_move_assign()
        -:  731:	    || _Alloc_traits::_S_always_equal()
        -:  732:	    || _M_get_allocator() == __str._M_get_allocator())
        -:  733:	  {
        -:  734:	    // Just move the allocated pointer, our allocator can free it.
        -:  735:	    pointer __data = nullptr;
        -:  736:	    size_type __capacity;
        -:  737:	    if (!_M_is_local())
        -:  738:	      {
        -:  739:		if (_Alloc_traits::_S_always_equal())
        -:  740:		  {
        -:  741:		    // __str can reuse our existing storage.
        -:  742:		    __data = _M_data();
        -:  743:		    __capacity = _M_allocated_capacity;
        -:  744:		  }
        -:  745:		else // __str can't use it, so free it.
        -:  746:		  _M_destroy(_M_allocated_capacity);
        -:  747:	      }
        -:  748:
        -:  749:	    _M_data(__str._M_data());
        -:  750:	    _M_length(__str.length());
        -:  751:	    _M_capacity(__str._M_allocated_capacity);
        -:  752:	    if (__data)
        -:  753:	      {
        -:  754:		__str._M_data(__data);
        -:  755:		__str._M_capacity(__capacity);
        -:  756:	      }
        -:  757:	    else
        -:  758:	      __str._M_data(__str._M_local_buf);
        -:  759:	  }
        -:  760:	else // Need to do a deep copy
        -:  761:	  assign(__str);
        -:  762:	__str.clear();
        -:  763:	return *this;
        -:  764:      }
        -:  765:
        -:  766:      /**
        -:  767:       *  @brief  Set value to string constructed from initializer %list.
        -:  768:       *  @param  __l  std::initializer_list.
        -:  769:       */
        -:  770:      basic_string&
        -:  771:      operator=(initializer_list<_CharT> __l)
        -:  772:      {
        -:  773:	this->assign(__l.begin(), __l.size());
        -:  774:	return *this;
        -:  775:      }
        -:  776:#endif // C++11
        -:  777:
        -:  778:#if __cplusplus >= 201703L
        -:  779:      /**
        -:  780:       *  @brief  Set value to string constructed from a string_view.
        -:  781:       *  @param  __svt  An object convertible to string_view.
        -:  782:       */
        -:  783:     template<typename _Tp>
        -:  784:       _If_sv<_Tp, basic_string&>
        -:  785:       operator=(const _Tp& __svt)
        -:  786:       { return this->assign(__svt); }
        -:  787:
        -:  788:      /**
        -:  789:       *  @brief  Convert to a string_view.
        -:  790:       *  @return A string_view.
        -:  791:       */
        -:  792:      operator __sv_type() const noexcept
        -:  793:      { return __sv_type(data(), size()); }
        -:  794:#endif // C++17
        -:  795:
        -:  796:      // Iterators:
        -:  797:      /**
        -:  798:       *  Returns a read/write iterator that points to the first character in
        -:  799:       *  the %string.
        -:  800:       */
        -:  801:      iterator
        -:  802:      begin() _GLIBCXX_NOEXCEPT
        -:  803:      { return iterator(_M_data()); }
        -:  804:
        -:  805:      /**
        -:  806:       *  Returns a read-only (constant) iterator that points to the first
        -:  807:       *  character in the %string.
        -:  808:       */
        -:  809:      const_iterator
        -:  810:      begin() const _GLIBCXX_NOEXCEPT
        -:  811:      { return const_iterator(_M_data()); }
        -:  812:
        -:  813:      /**
        -:  814:       *  Returns a read/write iterator that points one past the last
        -:  815:       *  character in the %string.
        -:  816:       */
        -:  817:      iterator
        -:  818:      end() _GLIBCXX_NOEXCEPT
        -:  819:      { return iterator(_M_data() + this->size()); }
        -:  820:
        -:  821:      /**
        -:  822:       *  Returns a read-only (constant) iterator that points one past the
        -:  823:       *  last character in the %string.
        -:  824:       */
        -:  825:      const_iterator
        -:  826:      end() const _GLIBCXX_NOEXCEPT
        -:  827:      { return const_iterator(_M_data() + this->size()); }
        -:  828:
        -:  829:      /**
        -:  830:       *  Returns a read/write reverse iterator that points to the last
        -:  831:       *  character in the %string.  Iteration is done in reverse element
        -:  832:       *  order.
        -:  833:       */
        -:  834:      reverse_iterator
        -:  835:      rbegin() _GLIBCXX_NOEXCEPT
        -:  836:      { return reverse_iterator(this->end()); }
        -:  837:
        -:  838:      /**
        -:  839:       *  Returns a read-only (constant) reverse iterator that points
        -:  840:       *  to the last character in the %string.  Iteration is done in
        -:  841:       *  reverse element order.
        -:  842:       */
        -:  843:      const_reverse_iterator
        -:  844:      rbegin() const _GLIBCXX_NOEXCEPT
        -:  845:      { return const_reverse_iterator(this->end()); }
        -:  846:
        -:  847:      /**
        -:  848:       *  Returns a read/write reverse iterator that points to one before the
        -:  849:       *  first character in the %string.  Iteration is done in reverse
        -:  850:       *  element order.
        -:  851:       */
        -:  852:      reverse_iterator
        -:  853:      rend() _GLIBCXX_NOEXCEPT
        -:  854:      { return reverse_iterator(this->begin()); }
        -:  855:
        -:  856:      /**
        -:  857:       *  Returns a read-only (constant) reverse iterator that points
        -:  858:       *  to one before the first character in the %string.  Iteration
        -:  859:       *  is done in reverse element order.
        -:  860:       */
        -:  861:      const_reverse_iterator
        -:  862:      rend() const _GLIBCXX_NOEXCEPT
        -:  863:      { return const_reverse_iterator(this->begin()); }
        -:  864:
        -:  865:#if __cplusplus >= 201103L
        -:  866:      /**
        -:  867:       *  Returns a read-only (constant) iterator that points to the first
        -:  868:       *  character in the %string.
        -:  869:       */
        -:  870:      const_iterator
        -:  871:      cbegin() const noexcept
        -:  872:      { return const_iterator(this->_M_data()); }
        -:  873:
        -:  874:      /**
        -:  875:       *  Returns a read-only (constant) iterator that points one past the
        -:  876:       *  last character in the %string.
        -:  877:       */
        -:  878:      const_iterator
        -:  879:      cend() const noexcept
        -:  880:      { return const_iterator(this->_M_data() + this->size()); }
        -:  881:
        -:  882:      /**
        -:  883:       *  Returns a read-only (constant) reverse iterator that points
        -:  884:       *  to the last character in the %string.  Iteration is done in
        -:  885:       *  reverse element order.
        -:  886:       */
        -:  887:      const_reverse_iterator
        -:  888:      crbegin() const noexcept
        -:  889:      { return const_reverse_iterator(this->end()); }
        -:  890:
        -:  891:      /**
        -:  892:       *  Returns a read-only (constant) reverse iterator that points
        -:  893:       *  to one before the first character in the %string.  Iteration
        -:  894:       *  is done in reverse element order.
        -:  895:       */
        -:  896:      const_reverse_iterator
        -:  897:      crend() const noexcept
        -:  898:      { return const_reverse_iterator(this->begin()); }
        -:  899:#endif
        -:  900:
        -:  901:    public:
        -:  902:      // Capacity:
        -:  903:      ///  Returns the number of characters in the string, not including any
        -:  904:      ///  null-termination.
        -:  905:      size_type
      366:  906:      size() const _GLIBCXX_NOEXCEPT
      366:  907:      { return _M_string_length; }
        -:  908:
        -:  909:      ///  Returns the number of characters in the string, not including any
        -:  910:      ///  null-termination.
        -:  911:      size_type
      140:  912:      length() const _GLIBCXX_NOEXCEPT
      140:  913:      { return _M_string_length; }
       20:  913-block  0
call    0 returned 20
branch  1 taken 20 (fallthrough)
branch  2 taken 0 (throw)
       20:  913-block  1
call    3 returned 20
branch  4 taken 20 (fallthrough)
branch  5 taken 0 (throw)
       20:  913-block  2
call    6 returned 20
branch  7 taken 20 (fallthrough)
branch  8 taken 0 (throw)
       20:  913-block  3
call    9 returned 20
branch 10 taken 20 (fallthrough)
branch 11 taken 0 (throw)
       20:  913-block  4
call   12 returned 20
branch 13 taken 20 (fallthrough)
branch 14 taken 0 (throw)
       20:  913-block  5
call   15 returned 20
branch 16 taken 20 (fallthrough)
branch 17 taken 0 (throw)
       20:  913-block  6
call   18 returned 20
branch 19 taken 20 (fallthrough)
branch 20 taken 0 (throw)
        -:  914:
        -:  915:      ///  Returns the size() of the largest possible %string.
        -:  916:      size_type
        -:  917:      max_size() const _GLIBCXX_NOEXCEPT
        -:  918:      { return (_Alloc_traits::max_size(_M_get_allocator()) - 1) / 2; }
        -:  919:
        -:  920:      /**
        -:  921:       *  @brief  Resizes the %string to the specified number of characters.
        -:  922:       *  @param  __n  Number of characters the %string should contain.
        -:  923:       *  @param  __c  Character to fill any new elements.
        -:  924:       *
        -:  925:       *  This function will %resize the %string to the specified
        -:  926:       *  number of characters.  If the number is smaller than the
        -:  927:       *  %string's current size the %string is truncated, otherwise
        -:  928:       *  the %string is extended and new elements are %set to @a __c.
        -:  929:       */
        -:  930:      void
        -:  931:      resize(size_type __n, _CharT __c);
        -:  932:
        -:  933:      /**
        -:  934:       *  @brief  Resizes the %string to the specified number of characters.
        -:  935:       *  @param  __n  Number of characters the %string should contain.
        -:  936:       *
        -:  937:       *  This function will resize the %string to the specified length.  If
        -:  938:       *  the new size is smaller than the %string's current size the %string
        -:  939:       *  is truncated, otherwise the %string is extended and new characters
        -:  940:       *  are default-constructed.  For basic types such as char, this means
        -:  941:       *  setting them to 0.
        -:  942:       */
        -:  943:      void
        -:  944:      resize(size_type __n)
        -:  945:      { this->resize(__n, _CharT()); }
        -:  946:
        -:  947:#if __cplusplus >= 201103L
        -:  948:#pragma GCC diagnostic push
        -:  949:#pragma GCC diagnostic ignored "-Wdeprecated-declarations"
        -:  950:      ///  A non-binding request to reduce capacity() to size().
        -:  951:      void
        -:  952:      shrink_to_fit() noexcept
        -:  953:      { reserve(); }
        -:  954:#pragma GCC diagnostic pop
        -:  955:#endif
        -:  956:
        -:  957:      /**
        -:  958:       *  Returns the total number of characters that the %string can hold
        -:  959:       *  before needing to allocate more memory.
        -:  960:       */
        -:  961:      size_type
        -:  962:      capacity() const _GLIBCXX_NOEXCEPT
        -:  963:      {
        -:  964:	return _M_is_local() ? size_type(_S_local_capacity)
        -:  965:	                     : _M_allocated_capacity;
        -:  966:      }
        -:  967:
        -:  968:      /**
        -:  969:       *  @brief  Attempt to preallocate enough memory for specified number of
        -:  970:       *          characters.
        -:  971:       *  @param  __res_arg  Number of characters required.
        -:  972:       *  @throw  std::length_error  If @a __res_arg exceeds @c max_size().
        -:  973:       *
        -:  974:       *  This function attempts to reserve enough memory for the
        -:  975:       *  %string to hold the specified number of characters.  If the
        -:  976:       *  number requested is more than max_size(), length_error is
        -:  977:       *  thrown.
        -:  978:       *
        -:  979:       *  The advantage of this function is that if optimal code is a
        -:  980:       *  necessity and the user can determine the string length that will be
        -:  981:       *  required, the user can reserve the memory in %advance, and thus
        -:  982:       *  prevent a possible reallocation of memory and copying of %string
        -:  983:       *  data.
        -:  984:       */
        -:  985:      void
        -:  986:      reserve(size_type __res_arg);
        -:  987:
        -:  988:      /**
        -:  989:       *  Equivalent to shrink_to_fit().
        -:  990:       */
        -:  991:#if __cplusplus > 201703L
        -:  992:      [[deprecated("use shrink_to_fit() instead")]]
        -:  993:#endif
        -:  994:      void
        -:  995:      reserve();
        -:  996:
        -:  997:      /**
        -:  998:       *  Erases the string, making it empty.
        -:  999:       */
        -: 1000:      void
        -: 1001:      clear() _GLIBCXX_NOEXCEPT
        -: 1002:      { _M_set_length(0); }
        -: 1003:
        -: 1004:      /**
        -: 1005:       *  Returns true if the %string is empty.  Equivalent to 
        -: 1006:       *  <code>*this == ""</code>.
        -: 1007:       */
        -: 1008:      _GLIBCXX_NODISCARD bool
        -: 1009:      empty() const _GLIBCXX_NOEXCEPT
        -: 1010:      { return this->size() == 0; }
        -: 1011:
        -: 1012:      // Element access:
        -: 1013:      /**
        -: 1014:       *  @brief  Subscript access to the data contained in the %string.
        -: 1015:       *  @param  __pos  The index of the character to access.
        -: 1016:       *  @return  Read-only (constant) reference to the character.
        -: 1017:       *
        -: 1018:       *  This operator allows for easy, array-style, data access.
        -: 1019:       *  Note that data access with this operator is unchecked and
        -: 1020:       *  out_of_range lookups are not defined. (For checked lookups
        -: 1021:       *  see at().)
        -: 1022:       */
        -: 1023:      const_reference
        -: 1024:      operator[] (size_type __pos) const _GLIBCXX_NOEXCEPT
        -: 1025:      {
        -: 1026:	__glibcxx_assert(__pos <= size());
        -: 1027:	return _M_data()[__pos];
        -: 1028:      }
        -: 1029:
        -: 1030:      /**
        -: 1031:       *  @brief  Subscript access to the data contained in the %string.
        -: 1032:       *  @param  __pos  The index of the character to access.
        -: 1033:       *  @return  Read/write reference to the character.
        -: 1034:       *
        -: 1035:       *  This operator allows for easy, array-style, data access.
        -: 1036:       *  Note that data access with this operator is unchecked and
        -: 1037:       *  out_of_range lookups are not defined. (For checked lookups
        -: 1038:       *  see at().)
        -: 1039:       */
        -: 1040:      reference
      120: 1041:      operator[](size_type __pos)
        -: 1042:      {
        -: 1043:        // Allow pos == size() both in C++98 mode, as v3 extension,
        -: 1044:	// and in C++11 mode.
      120: 1045:	__glibcxx_assert(__pos <= size());
        -: 1046:        // In pedantic mode be strict in C++98 mode.
        -: 1047:	_GLIBCXX_DEBUG_PEDASSERT(__cplusplus >= 201103L || __pos < size());
      120: 1048:	return _M_data()[__pos];
branch  0 taken 7 (fallthrough)
branch  1 taken 13
branch  2 taken 7 (fallthrough)
branch  3 taken 13
branch  4 taken 7 (fallthrough)
branch  5 taken 13
branch  6 taken 7 (fallthrough)
branch  7 taken 13
branch  8 taken 7 (fallthrough)
branch  9 taken 13
branch 10 taken 7 (fallthrough)
branch 11 taken 13
        -: 1049:      }
        -: 1050:
        -: 1051:      /**
        -: 1052:       *  @brief  Provides access to the data contained in the %string.
        -: 1053:       *  @param __n The index of the character to access.
        -: 1054:       *  @return  Read-only (const) reference to the character.
        -: 1055:       *  @throw  std::out_of_range  If @a n is an invalid index.
        -: 1056:       *
        -: 1057:       *  This function provides for safer data access.  The parameter is
        -: 1058:       *  first checked that it is in the range of the string.  The function
        -: 1059:       *  throws out_of_range if the check fails.
        -: 1060:       */
        -: 1061:      const_reference
        -: 1062:      at(size_type __n) const
        -: 1063:      {
        -: 1064:	if (__n >= this->size())
        -: 1065:	  __throw_out_of_range_fmt(__N("basic_string::at: __n "
        -: 1066:				       "(which is %zu) >= this->size() "
        -: 1067:				       "(which is %zu)"),
        -: 1068:				   __n, this->size());
        -: 1069:	return _M_data()[__n];
        -: 1070:      }
        -: 1071:
        -: 1072:      /**
        -: 1073:       *  @brief  Provides access to the data contained in the %string.
        -: 1074:       *  @param __n The index of the character to access.
        -: 1075:       *  @return  Read/write reference to the character.
        -: 1076:       *  @throw  std::out_of_range  If @a n is an invalid index.
        -: 1077:       *
        -: 1078:       *  This function provides for safer data access.  The parameter is
        -: 1079:       *  first checked that it is in the range of the string.  The function
        -: 1080:       *  throws out_of_range if the check fails.
        -: 1081:       */
        -: 1082:      reference
        -: 1083:      at(size_type __n)
        -: 1084:      {
        -: 1085:	if (__n >= size())
        -: 1086:	  __throw_out_of_range_fmt(__N("basic_string::at: __n "
        -: 1087:				       "(which is %zu) >= this->size() "
        -: 1088:				       "(which is %zu)"),
        -: 1089:				   __n, this->size());
        -: 1090:	return _M_data()[__n];
        -: 1091:      }
        -: 1092:
        -: 1093:#if __cplusplus >= 201103L
        -: 1094:      /**
        -: 1095:       *  Returns a read/write reference to the data at the first
        -: 1096:       *  element of the %string.
        -: 1097:       */
        -: 1098:      reference
        -: 1099:      front() noexcept
        -: 1100:      {
        -: 1101:	__glibcxx_assert(!empty());
        -: 1102:	return operator[](0);
        -: 1103:      }
        -: 1104:
        -: 1105:      /**
        -: 1106:       *  Returns a read-only (constant) reference to the data at the first
        -: 1107:       *  element of the %string.
        -: 1108:       */
        -: 1109:      const_reference
        -: 1110:      front() const noexcept
        -: 1111:      {
        -: 1112:	__glibcxx_assert(!empty());
        -: 1113:	return operator[](0);
        -: 1114:      }
        -: 1115:
        -: 1116:      /**
        -: 1117:       *  Returns a read/write reference to the data at the last
        -: 1118:       *  element of the %string.
        -: 1119:       */
        -: 1120:      reference
        -: 1121:      back() noexcept
        -: 1122:      {
        -: 1123:	__glibcxx_assert(!empty());
        -: 1124:	return operator[](this->size() - 1);
        -: 1125:      }
        -: 1126:
        -: 1127:      /**
        -: 1128:       *  Returns a read-only (constant) reference to the data at the
        -: 1129:       *  last element of the %string.
        -: 1130:       */
        -: 1131:      const_reference
        -: 1132:      back() const noexcept
        -: 1133:      {
        -: 1134:	__glibcxx_assert(!empty());
        -: 1135:	return operator[](this->size() - 1);
        -: 1136:      }
        -: 1137:#endif
        -: 1138:
        -: 1139:      // Modifiers:
        -: 1140:      /**
        -: 1141:       *  @brief  Append a string to this string.
        -: 1142:       *  @param __str  The string to append.
        -: 1143:       *  @return  Reference to this string.
        -: 1144:       */
        -: 1145:      basic_string&
        -: 1146:      operator+=(const basic_string& __str)
        -: 1147:      { return this->append(__str); }
        -: 1148:
        -: 1149:      /**
        -: 1150:       *  @brief  Append a C string.
        -: 1151:       *  @param __s  The C string to append.
        -: 1152:       *  @return  Reference to this string.
        -: 1153:       */
        -: 1154:      basic_string&
        -: 1155:      operator+=(const _CharT* __s)
        -: 1156:      { return this->append(__s); }
        -: 1157:
        -: 1158:      /**
        -: 1159:       *  @brief  Append a character.
        -: 1160:       *  @param __c  The character to append.
        -: 1161:       *  @return  Reference to this string.
        -: 1162:       */
        -: 1163:      basic_string&
        -: 1164:      operator+=(_CharT __c)
        -: 1165:      {
        -: 1166:	this->push_back(__c);
        -: 1167:	return *this;
        -: 1168:      }
        -: 1169:
        -: 1170:#if __cplusplus >= 201103L
        -: 1171:      /**
        -: 1172:       *  @brief  Append an initializer_list of characters.
        -: 1173:       *  @param __l  The initializer_list of characters to be appended.
        -: 1174:       *  @return  Reference to this string.
        -: 1175:       */
        -: 1176:      basic_string&
        -: 1177:      operator+=(initializer_list<_CharT> __l)
        -: 1178:      { return this->append(__l.begin(), __l.size()); }
        -: 1179:#endif // C++11
        -: 1180:
        -: 1181:#if __cplusplus >= 201703L
        -: 1182:      /**
        -: 1183:       *  @brief  Append a string_view.
        -: 1184:       *  @param __svt  An object convertible to string_view to be appended.
        -: 1185:       *  @return  Reference to this string.
        -: 1186:       */
        -: 1187:      template<typename _Tp>
        -: 1188:	_If_sv<_Tp, basic_string&>
        -: 1189:	operator+=(const _Tp& __svt)
        -: 1190:	{ return this->append(__svt); }
        -: 1191:#endif // C++17
        -: 1192:
        -: 1193:      /**
        -: 1194:       *  @brief  Append a string to this string.
        -: 1195:       *  @param __str  The string to append.
        -: 1196:       *  @return  Reference to this string.
        -: 1197:       */
        -: 1198:      basic_string&
        -: 1199:      append(const basic_string& __str)
        -: 1200:      { return _M_append(__str._M_data(), __str.size()); }
        -: 1201:
        -: 1202:      /**
        -: 1203:       *  @brief  Append a substring.
        -: 1204:       *  @param __str  The string to append.
        -: 1205:       *  @param __pos  Index of the first character of str to append.
        -: 1206:       *  @param __n  The number of characters to append.
        -: 1207:       *  @return  Reference to this string.
        -: 1208:       *  @throw  std::out_of_range if @a __pos is not a valid index.
        -: 1209:       *
        -: 1210:       *  This function appends @a __n characters from @a __str
        -: 1211:       *  starting at @a __pos to this string.  If @a __n is is larger
        -: 1212:       *  than the number of available characters in @a __str, the
        -: 1213:       *  remainder of @a __str is appended.
        -: 1214:       */
        -: 1215:      basic_string&
        -: 1216:      append(const basic_string& __str, size_type __pos, size_type __n = npos)
        -: 1217:      { return _M_append(__str._M_data()
        -: 1218:			 + __str._M_check(__pos, "basic_string::append"),
        -: 1219:			 __str._M_limit(__pos, __n)); }
        -: 1220:
        -: 1221:      /**
        -: 1222:       *  @brief  Append a C substring.
        -: 1223:       *  @param __s  The C string to append.
        -: 1224:       *  @param __n  The number of characters to append.
        -: 1225:       *  @return  Reference to this string.
        -: 1226:       */
        -: 1227:      basic_string&
        -: 1228:      append(const _CharT* __s, size_type __n)
        -: 1229:      {
        -: 1230:	__glibcxx_requires_string_len(__s, __n);
        -: 1231:	_M_check_length(size_type(0), __n, "basic_string::append");
        -: 1232:	return _M_append(__s, __n);
        -: 1233:      }
        -: 1234:
        -: 1235:      /**
        -: 1236:       *  @brief  Append a C string.
        -: 1237:       *  @param __s  The C string to append.
        -: 1238:       *  @return  Reference to this string.
        -: 1239:       */
        -: 1240:      basic_string&
        -: 1241:      append(const _CharT* __s)
        -: 1242:      {
        -: 1243:	__glibcxx_requires_string(__s);
        -: 1244:	const size_type __n = traits_type::length(__s);
        -: 1245:	_M_check_length(size_type(0), __n, "basic_string::append");
        -: 1246:	return _M_append(__s, __n);
        -: 1247:      }
        -: 1248:
        -: 1249:      /**
        -: 1250:       *  @brief  Append multiple characters.
        -: 1251:       *  @param __n  The number of characters to append.
        -: 1252:       *  @param __c  The character to use.
        -: 1253:       *  @return  Reference to this string.
        -: 1254:       *
        -: 1255:       *  Appends __n copies of __c to this string.
        -: 1256:       */
        -: 1257:      basic_string&
        -: 1258:      append(size_type __n, _CharT __c)
        -: 1259:      { return _M_replace_aux(this->size(), size_type(0), __n, __c); }
        -: 1260:
        -: 1261:#if __cplusplus >= 201103L
        -: 1262:      /**
        -: 1263:       *  @brief  Append an initializer_list of characters.
        -: 1264:       *  @param __l  The initializer_list of characters to append.
        -: 1265:       *  @return  Reference to this string.
        -: 1266:       */
        -: 1267:      basic_string&
        -: 1268:      append(initializer_list<_CharT> __l)
        -: 1269:      { return this->append(__l.begin(), __l.size()); }
        -: 1270:#endif // C++11
        -: 1271:
        -: 1272:      /**
        -: 1273:       *  @brief  Append a range of characters.
        -: 1274:       *  @param __first  Iterator referencing the first character to append.
        -: 1275:       *  @param __last  Iterator marking the end of the range.
        -: 1276:       *  @return  Reference to this string.
        -: 1277:       *
        -: 1278:       *  Appends characters in the range [__first,__last) to this string.
        -: 1279:       */
        -: 1280:#if __cplusplus >= 201103L
        -: 1281:      template<class _InputIterator,
        -: 1282:	       typename = std::_RequireInputIter<_InputIterator>>
        -: 1283:#else
        -: 1284:      template<class _InputIterator>
        -: 1285:#endif
        -: 1286:        basic_string&
        -: 1287:        append(_InputIterator __first, _InputIterator __last)
        -: 1288:        { return this->replace(end(), end(), __first, __last); }
        -: 1289:
        -: 1290:#if __cplusplus >= 201703L
        -: 1291:      /**
        -: 1292:       *  @brief  Append a string_view.
        -: 1293:       *  @param __svt  An object convertible to string_view to be appended.
        -: 1294:       *  @return  Reference to this string.
        -: 1295:       */
        -: 1296:      template<typename _Tp>
        -: 1297:        _If_sv<_Tp, basic_string&>
        -: 1298:        append(const _Tp& __svt)
        -: 1299:        {
        -: 1300:          __sv_type __sv = __svt;
        -: 1301:          return this->append(__sv.data(), __sv.size());
        -: 1302:        }
        -: 1303:
        -: 1304:      /**
        -: 1305:       *  @brief  Append a range of characters from a string_view.
        -: 1306:       *  @param __svt  An object convertible to string_view to be appended from.
        -: 1307:       *  @param __pos The position in the string_view to append from.
        -: 1308:       *  @param __n   The number of characters to append from the string_view.
        -: 1309:       *  @return  Reference to this string.
        -: 1310:       */
        -: 1311:      template<typename _Tp>
        -: 1312:        _If_sv<_Tp, basic_string&>
        -: 1313:	append(const _Tp& __svt, size_type __pos, size_type __n = npos)
        -: 1314:	{
        -: 1315:	  __sv_type __sv = __svt;
        -: 1316:	  return _M_append(__sv.data()
        -: 1317:	      + std::__sv_check(__sv.size(), __pos, "basic_string::append"),
        -: 1318:	      std::__sv_limit(__sv.size(), __pos, __n));
        -: 1319:	}
        -: 1320:#endif // C++17
        -: 1321:
        -: 1322:      /**
        -: 1323:       *  @brief  Append a single character.
        -: 1324:       *  @param __c  Character to append.
        -: 1325:       */
        -: 1326:      void
        -: 1327:      push_back(_CharT __c)
        -: 1328:      {
        -: 1329:	const size_type __size = this->size();
        -: 1330:	if (__size + 1 > this->capacity())
        -: 1331:	  this->_M_mutate(__size, size_type(0), 0, size_type(1));
        -: 1332:	traits_type::assign(this->_M_data()[__size], __c);
        -: 1333:	this->_M_set_length(__size + 1);
        -: 1334:      }
        -: 1335:
        -: 1336:      /**
        -: 1337:       *  @brief  Set value to contents of another string.
        -: 1338:       *  @param  __str  Source string to use.
        -: 1339:       *  @return  Reference to this string.
        -: 1340:       */
        -: 1341:      basic_string&
        -: 1342:      assign(const basic_string& __str)
        -: 1343:      {
        -: 1344:#if __cplusplus >= 201103L
        -: 1345:	if (_Alloc_traits::_S_propagate_on_copy_assign())
        -: 1346:	  {
        -: 1347:	    if (!_Alloc_traits::_S_always_equal() && !_M_is_local()
        -: 1348:		&& _M_get_allocator() != __str._M_get_allocator())
        -: 1349:	      {
        -: 1350:		// Propagating allocator cannot free existing storage so must
        -: 1351:		// deallocate it before replacing current allocator.
        -: 1352:		if (__str.size() <= _S_local_capacity)
        -: 1353:		  {
        -: 1354:		    _M_destroy(_M_allocated_capacity);
        -: 1355:		    _M_data(_M_local_data());
        -: 1356:		    _M_set_length(0);
        -: 1357:		  }
        -: 1358:		else
        -: 1359:		  {
        -: 1360:		    const auto __len = __str.size();
        -: 1361:		    auto __alloc = __str._M_get_allocator();
        -: 1362:		    // If this allocation throws there are no effects:
        -: 1363:		    auto __ptr = _Alloc_traits::allocate(__alloc, __len + 1);
        -: 1364:		    _M_destroy(_M_allocated_capacity);
        -: 1365:		    _M_data(__ptr);
        -: 1366:		    _M_capacity(__len);
        -: 1367:		    _M_set_length(__len);
        -: 1368:		  }
        -: 1369:	      }
        -: 1370:	    std::__alloc_on_copy(_M_get_allocator(), __str._M_get_allocator());
        -: 1371:	  }
        -: 1372:#endif
        -: 1373:	this->_M_assign(__str);
        -: 1374:	return *this;
        -: 1375:      }
        -: 1376:
        -: 1377:#if __cplusplus >= 201103L
        -: 1378:      /**
        -: 1379:       *  @brief  Set value to contents of another string.
        -: 1380:       *  @param  __str  Source string to use.
        -: 1381:       *  @return  Reference to this string.
        -: 1382:       *
        -: 1383:       *  This function sets this string to the exact contents of @a __str.
        -: 1384:       *  @a __str is a valid, but unspecified string.
        -: 1385:       */
        -: 1386:      basic_string&
        -: 1387:      assign(basic_string&& __str)
        -: 1388:      noexcept(_Alloc_traits::_S_nothrow_move())
        -: 1389:      {
        -: 1390:	// _GLIBCXX_RESOLVE_LIB_DEFECTS
        -: 1391:	// 2063. Contradictory requirements for string move assignment
        -: 1392:	return *this = std::move(__str);
        -: 1393:      }
        -: 1394:#endif // C++11
        -: 1395:
        -: 1396:      /**
        -: 1397:       *  @brief  Set value to a substring of a string.
        -: 1398:       *  @param __str  The string to use.
        -: 1399:       *  @param __pos  Index of the first character of str.
        -: 1400:       *  @param __n  Number of characters to use.
        -: 1401:       *  @return  Reference to this string.
        -: 1402:       *  @throw  std::out_of_range if @a pos is not a valid index.
        -: 1403:       *
        -: 1404:       *  This function sets this string to the substring of @a __str
        -: 1405:       *  consisting of @a __n characters at @a __pos.  If @a __n is
        -: 1406:       *  is larger than the number of available characters in @a
        -: 1407:       *  __str, the remainder of @a __str is used.
        -: 1408:       */
        -: 1409:      basic_string&
        -: 1410:      assign(const basic_string& __str, size_type __pos, size_type __n = npos)
        -: 1411:      { return _M_replace(size_type(0), this->size(), __str._M_data()
        -: 1412:			  + __str._M_check(__pos, "basic_string::assign"),
        -: 1413:			  __str._M_limit(__pos, __n)); }
        -: 1414:
        -: 1415:      /**
        -: 1416:       *  @brief  Set value to a C substring.
[...]
        -: 6559:    { return std::getline(__is, __str, __is.widen('\n')); }
        -: 6560:
        -: 6561:#if __cplusplus >= 201103L
        -: 6562:  /// Read a line from an rvalue stream into a string.
        -: 6563:  template<typename _CharT, typename _Traits, typename _Alloc>
        -: 6564:    inline basic_istream<_CharT, _Traits>&
        -: 6565:    getline(basic_istream<_CharT, _Traits>&& __is,
        -: 6566:	    basic_string<_CharT, _Traits, _Alloc>& __str, _CharT __delim)
        -: 6567:    { return std::getline(__is, __str, __delim); }
        -: 6568:
        -: 6569:  /// Read a line from an rvalue stream into a string.
        -: 6570:  template<typename _CharT, typename _Traits, typename _Alloc>
        -: 6571:    inline basic_istream<_CharT, _Traits>&
        -: 6572:    getline(basic_istream<_CharT, _Traits>&& __is,
        -: 6573:	    basic_string<_CharT, _Traits, _Alloc>& __str)
        -: 6574:    { return std::getline(__is, __str); }
        -: 6575:#endif
        -: 6576:
        -: 6577:  template<>
        -: 6578:    basic_istream<char>&
        -: 6579:    getline(basic_istream<char>& __in, basic_string<char>& __str,
        -: 6580:	    char __delim);
        -: 6581:
        -: 6582:#ifdef _GLIBCXX_USE_WCHAR_T
        -: 6583:  template<>
        -: 6584:    basic_istream<wchar_t>&
        -: 6585:    getline(basic_istream<wchar_t>& __in, basic_string<wchar_t>& __str,
        -: 6586:	    wchar_t __delim);
        -: 6587:#endif  
        -: 6588:
        -: 6589:_GLIBCXX_END_NAMESPACE_VERSION
        -: 6590:} // namespace
        -: 6591:
        -: 6592:#if __cplusplus >= 201103L
        -: 6593:
        -: 6594:#include <ext/string_conversions.h>
        -: 6595:#include <bits/charconv.h>
        -: 6596:
        -: 6597:namespace std _GLIBCXX_VISIBILITY(default)
        -: 6598:{
        -: 6599:_GLIBCXX_BEGIN_NAMESPACE_VERSION
        -: 6600:_GLIBCXX_BEGIN_NAMESPACE_CXX11
        -: 6601:
        -: 6602:#if _GLIBCXX_USE_C99_STDLIB
        -: 6603:  // 21.4 Numeric Conversions [string.conversions].
        -: 6604:  inline int
        -: 6605:  stoi(const string& __str, size_t* __idx = 0, int __base = 10)
        -: 6606:  { return __gnu_cxx::__stoa<long, int>(&std::strtol, "stoi", __str.c_str(),
        -: 6607:					__idx, __base); }
        -: 6608:
        -: 6609:  inline long
        -: 6610:  stol(const string& __str, size_t* __idx = 0, int __base = 10)
        -: 6611:  { return __gnu_cxx::__stoa(&std::strtol, "stol", __str.c_str(),
        -: 6612:			     __idx, __base); }
        -: 6613:
        -: 6614:  inline unsigned long
        -: 6615:  stoul(const string& __str, size_t* __idx = 0, int __base = 10)
        -: 6616:  { return __gnu_cxx::__stoa(&std::strtoul, "stoul", __str.c_str(),
        -: 6617:			     __idx, __base); }
        -: 6618:
        -: 6619:  inline long long
        -: 6620:  stoll(const string& __str, size_t* __idx = 0, int __base = 10)
        -: 6621:  { return __gnu_cxx::__stoa(&std::strtoll, "stoll", __str.c_str(),
        -: 6622:			     __idx, __base); }
        -: 6623:
        -: 6624:  inline unsigned long long
        -: 6625:  stoull(const string& __str, size_t* __idx = 0, int __base = 10)
        -: 6626:  { return __gnu_cxx::__stoa(&std::strtoull, "stoull", __str.c_str(),
        -: 6627:			     __idx, __base); }
        -: 6628:
        -: 6629:  // NB: strtof vs strtod.
        -: 6630:  inline float
        -: 6631:  stof(const string& __str, size_t* __idx = 0)
        -: 6632:  { return __gnu_cxx::__stoa(&std::strtof, "stof", __str.c_str(), __idx); }
        -: 6633:
        -: 6634:  inline double
        -: 6635:  stod(const string& __str, size_t* __idx = 0)
        -: 6636:  { return __gnu_cxx::__stoa(&std::strtod, "stod", __str.c_str(), __idx); }
        -: 6637:
        -: 6638:  inline long double
        -: 6639:  stold(const string& __str, size_t* __idx = 0)
        -: 6640:  { return __gnu_cxx::__stoa(&std::strtold, "stold", __str.c_str(), __idx); }
        -: 6641:#endif // _GLIBCXX_USE_C99_STDLIB
        -: 6642:
        -: 6643:  // DR 1261. Insufficent overloads for to_string / to_wstring
        -: 6644:
        -: 6645:  inline string
        -: 6646:  to_string(int __val)
        -: 6647:  {
        -: 6648:    const bool __neg = __val < 0;
        -: 6649:    const unsigned __uval = __neg ? (unsigned)~__val + 1u : __val;
        -: 6650:    const auto __len = __detail::__to_chars_len(__uval);
        -: 6651:    string __str(__neg + __len, '-');
        -: 6652:    __detail::__to_chars_10_impl(&__str[__neg], __len, __uval);
        -: 6653:    return __str;
        -: 6654:  }
        -: 6655:
        -: 6656:  inline string
        -: 6657:  to_string(unsigned __val)
        -: 6658:  {
        -: 6659:    string __str(__detail::__to_chars_len(__val), '\0');
        -: 6660:    __detail::__to_chars_10_impl(&__str[0], __str.size(), __val);
        -: 6661:    return __str;
        -: 6662:  }
        -: 6663:
        -: 6664:  inline string
        -: 6665:  to_string(long __val)
        -: 6666:  {
        -: 6667:    const bool __neg = __val < 0;
        -: 6668:    const unsigned long __uval = __neg ? (unsigned long)~__val + 1ul : __val;
        -: 6669:    const auto __len = __detail::__to_chars_len(__uval);
        -: 6670:    string __str(__neg + __len, '-');
        -: 6671:    __detail::__to_chars_10_impl(&__str[__neg], __len, __uval);
        -: 6672:    return __str;
        -: 6673:  }
        -: 6674:
        -: 6675:  inline string
        -: 6676:  to_string(unsigned long __val)
        -: 6677:  {
        -: 6678:    string __str(__detail::__to_chars_len(__val), '\0');
        -: 6679:    __detail::__to_chars_10_impl(&__str[0], __str.size(), __val);
        -: 6680:    return __str;
        -: 6681:  }
        -: 6682:
        -: 6683:  inline string
        -: 6684:  to_string(long long __val)
        -: 6685:  {
        -: 6686:    const bool __neg = __val < 0;
        -: 6687:    const unsigned long long __uval
        -: 6688:      = __neg ? (unsigned long long)~__val + 1ull : __val;
        -: 6689:    const auto __len = __detail::__to_chars_len(__uval);
        -: 6690:    string __str(__neg + __len, '-');
        -: 6691:    __detail::__to_chars_10_impl(&__str[__neg], __len, __uval);
        -: 6692:    return __str;
        -: 6693:  }
        -: 6694:
        -: 6695:  inline string
        -: 6696:  to_string(unsigned long long __val)
        -: 6697:  {
        -: 6698:    string __str(__detail::__to_chars_len(__val), '\0');
        -: 6699:    __detail::__to_chars_10_impl(&__str[0], __str.size(), __val);
        -: 6700:    return __str;
        -: 6701:  }
        -: 6702:
        -: 6703:#if _GLIBCXX_USE_C99_STDIO
        -: 6704:  // NB: (v)snprintf vs sprintf.
        -: 6705:
        -: 6706:  inline string
        -: 6707:  to_string(float __val)
        -: 6708:  {
        -: 6709:    const int __n = 
        -: 6710:      __gnu_cxx::__numeric_traits<float>::__max_exponent10 + 20;
        -: 6711:    return __gnu_cxx::__to_xstring<string>(&std::vsnprintf, __n,
        -: 6712:					   "%f", __val);
        -: 6713:  }
        -: 6714:
        -: 6715:  inline string
        -: 6716:  to_string(double __val)
        -: 6717:  {
        -: 6718:    const int __n = 
        -: 6719:      __gnu_cxx::__numeric_traits<double>::__max_exponent10 + 20;
        -: 6720:    return __gnu_cxx::__to_xstring<string>(&std::vsnprintf, __n,
        -: 6721:					   "%f", __val);
        -: 6722:  }
        -: 6723:
        -: 6724:  inline string
        -: 6725:  to_string(long double __val)
        -: 6726:  {
        -: 6727:    const int __n = 
        -: 6728:      __gnu_cxx::__numeric_traits<long double>::__max_exponent10 + 20;
        -: 6729:    return __gnu_cxx::__to_xstring<string>(&std::vsnprintf, __n,
        -: 6730:					   "%Lf", __val);
        -: 6731:  }
        -: 6732:#endif // _GLIBCXX_USE_C99_STDIO
        -: 6733:
        -: 6734:#if defined(_GLIBCXX_USE_WCHAR_T) && _GLIBCXX_USE_C99_WCHAR
        -: 6735:  inline int 
        -: 6736:  stoi(const wstring& __str, size_t* __idx = 0, int __base = 10)
        -: 6737:  { return __gnu_cxx::__stoa<long, int>(&std::wcstol, "stoi", __str.c_str(),
        -: 6738:					__idx, __base); }
        -: 6739:
        -: 6740:  inline long 
        -: 6741:  stol(const wstring& __str, size_t* __idx = 0, int __base = 10)
        -: 6742:  { return __gnu_cxx::__stoa(&std::wcstol, "stol", __str.c_str(),
        -: 6743:			     __idx, __base); }
        -: 6744:
        -: 6745:  inline unsigned long
        -: 6746:  stoul(const wstring& __str, size_t* __idx = 0, int __base = 10)
        -: 6747:  { return __gnu_cxx::__stoa(&std::wcstoul, "stoul", __str.c_str(),
        -: 6748:			     __idx, __base); }
        -: 6749:
        -: 6750:  inline long long
        -: 6751:  stoll(const wstring& __str, size_t* __idx = 0, int __base = 10)
        -: 6752:  { return __gnu_cxx::__stoa(&std::wcstoll, "stoll", __str.c_str(),
        -: 6753:			     __idx, __base); }
        -: 6754:
        -: 6755:  inline unsigned long long
        -: 6756:  stoull(const wstring& __str, size_t* __idx = 0, int __base = 10)
        -: 6757:  { return __gnu_cxx::__stoa(&std::wcstoull, "stoull", __str.c_str(),
        -: 6758:			     __idx, __base); }
        -: 6759:
        -: 6760:  // NB: wcstof vs wcstod.
        -: 6761:  inline float
        -: 6762:  stof(const wstring& __str, size_t* __idx = 0)
        -: 6763:  { return __gnu_cxx::__stoa(&std::wcstof, "stof", __str.c_str(), __idx); }
        -: 6764:
        -: 6765:  inline double
        -: 6766:  stod(const wstring& __str, size_t* __idx = 0)
        -: 6767:  { return __gnu_cxx::__stoa(&std::wcstod, "stod", __str.c_str(), __idx); }
        -: 6768:
        -: 6769:  inline long double
        -: 6770:  stold(const wstring& __str, size_t* __idx = 0)
        -: 6771:  { return __gnu_cxx::__stoa(&std::wcstold, "stold", __str.c_str(), __idx); }
        -: 6772:
        -: 6773:#ifndef _GLIBCXX_HAVE_BROKEN_VSWPRINTF
        -: 6774:  // DR 1261.
        -: 6775:  inline wstring
        -: 6776:  to_wstring(int __val)
        -: 6777:  { return __gnu_cxx::__to_xstring<wstring>(&std::vswprintf, 4 * sizeof(int),
        -: 6778:					    L"%d", __val); }
        -: 6779:
        -: 6780:  inline wstring
        -: 6781:  to_wstring(unsigned __val)
        -: 6782:  { return __gnu_cxx::__to_xstring<wstring>(&std::vswprintf,
        -: 6783:					    4 * sizeof(unsigned),
        -: 6784:					    L"%u", __val); }
        -: 6785:
        -: 6786:  inline wstring
        -: 6787:  to_wstring(long __val)
        -: 6788:  { return __gnu_cxx::__to_xstring<wstring>(&std::vswprintf, 4 * sizeof(long),
        -: 6789:					    L"%ld", __val); }
        -: 6790:
        -: 6791:  inline wstring
        -: 6792:  to_wstring(unsigned long __val)
        -: 6793:  { return __gnu_cxx::__to_xstring<wstring>(&std::vswprintf,
        -: 6794:					    4 * sizeof(unsigned long),
        -: 6795:					    L"%lu", __val); }
        -: 6796:
        -: 6797:  inline wstring
        -: 6798:  to_wstring(long long __val)
        -: 6799:  { return __gnu_cxx::__to_xstring<wstring>(&std::vswprintf,
        -: 6800:					    4 * sizeof(long long),
        -: 6801:					    L"%lld", __val); }
        -: 6802:
        -: 6803:  inline wstring
        -: 6804:  to_wstring(unsigned long long __val)
        -: 6805:  { return __gnu_cxx::__to_xstring<wstring>(&std::vswprintf,
        -: 6806:					    4 * sizeof(unsigned long long),
        -: 6807:					    L"%llu", __val); }
        -: 6808:
        -: 6809:  inline wstring
        -: 6810:  to_wstring(float __val)
        -: 6811:  {
        -: 6812:    const int __n =
        -: 6813:      __gnu_cxx::__numeric_traits<float>::__max_exponent10 + 20;
        -: 6814:    return __gnu_cxx::__to_xstring<wstring>(&std::vswprintf, __n,
        -: 6815:					    L"%f", __val);
        -: 6816:  }
        -: 6817:
        -: 6818:  inline wstring
        -: 6819:  to_wstring(double __val)
        -: 6820:  {
        -: 6821:    const int __n =
        -: 6822:      __gnu_cxx::__numeric_traits<double>::__max_exponent10 + 20;
        -: 6823:    return __gnu_cxx::__to_xstring<wstring>(&std::vswprintf, __n,
        -: 6824:					    L"%f", __val);
        -: 6825:  }
        -: 6826:
        -: 6827:  inline wstring
        -: 6828:  to_wstring(long double __val)
        -: 6829:  {
        -: 6830:    const int __n =
        -: 6831:      __gnu_cxx::__numeric_traits<long double>::__max_exponent10 + 20;
        -: 6832:    return __gnu_cxx::__to_xstring<wstring>(&std::vswprintf, __n,
        -: 6833:					    L"%Lf", __val);
        -: 6834:  }
        -: 6835:#endif // _GLIBCXX_HAVE_BROKEN_VSWPRINTF
        -: 6836:#endif // _GLIBCXX_USE_WCHAR_T && _GLIBCXX_USE_C99_WCHAR
        -: 6837:
        -: 6838:_GLIBCXX_END_NAMESPACE_CXX11
        -: 6839:_GLIBCXX_END_NAMESPACE_VERSION
        -: 6840:} // namespace
        -: 6841:
        -: 6842:#endif /* C++11 */
        -: 6843:
        -: 6844:#if __cplusplus >= 201103L
        -: 6845:
        -: 6846:#include <bits/functional_hash.h>
        -: 6847:
        -: 6848:namespace std _GLIBCXX_VISIBILITY(default)
        -: 6849:{
        -: 6850:_GLIBCXX_BEGIN_NAMESPACE_VERSION
        -: 6851:
        -: 6852:  // DR 1182.
        -: 6853:
        -: 6854:#ifndef _GLIBCXX_COMPATIBILITY_CXX0X
        -: 6855:  /// std::hash specialization for string.
        -: 6856:  template<>
        -: 6857:    struct hash<string>
        -: 6858:    : public __hash_base<size_t, string>
        -: 6859:    {
        -: 6860:      size_t
        -: 6861:      operator()(const string& __s) const noexcept
        -: 6862:      { return std::_Hash_impl::hash(__s.data(), __s.length()); }
        -: 6863:    };
        -: 6864:
        -: 6865:  template<>
        -: 6866:    struct __is_fast_hash<hash<string>> : std::false_type
        -: 6867:    { };
        -: 6868:
        -: 6869:#ifdef _GLIBCXX_USE_WCHAR_T
        -: 6870:  /// std::hash specialization for wstring.
        -: 6871:  template<>
        -: 6872:    struct hash<wstring>
        -: 6873:    : public __hash_base<size_t, wstring>
        -: 6874:    {
        -: 6875:      size_t
        -: 6876:      operator()(const wstring& __s) const noexcept
        -: 6877:      { return std::_Hash_impl::hash(__s.data(),
        -: 6878:                                     __s.length() * sizeof(wchar_t)); }
        -: 6879:    };
        -: 6880:
        -: 6881:  template<>
        -: 6882:    struct __is_fast_hash<hash<wstring>> : std::false_type
        -: 6883:    { };
        -: 6884:#endif
        -: 6885:#endif /* _GLIBCXX_COMPATIBILITY_CXX0X */
        -: 6886:
        -: 6887:#ifdef _GLIBCXX_USE_CHAR8_T
        -: 6888:  /// std::hash specialization for u8string.
        -: 6889:  template<>
        -: 6890:    struct hash<u8string>
        -: 6891:    : public __hash_base<size_t, u8string>
        -: 6892:    {
        -: 6893:      size_t
        -: 6894:      operator()(const u8string& __s) const noexcept
        -: 6895:      { return std::_Hash_impl::hash(__s.data(),
        -: 6896:                                     __s.length() * sizeof(char8_t)); }
        -: 6897:    };
        -: 6898:
        -: 6899:  template<>
        -: 6900:    struct __is_fast_hash<hash<u8string>> : std::false_type
        -: 6901:    { };
        -: 6902:#endif
        -: 6903:
        -: 6904:  /// std::hash specialization for u16string.
        -: 6905:  template<>
        -: 6906:    struct hash<u16string>
        -: 6907:    : public __hash_base<size_t, u16string>
        -: 6908:    {
        -: 6909:      size_t
        -: 6910:      operator()(const u16string& __s) const noexcept
        -: 6911:      { return std::_Hash_impl::hash(__s.data(),
        -: 6912:                                     __s.length() * sizeof(char16_t)); }
        -: 6913:    };
        -: 6914:
        -: 6915:  template<>
        -: 6916:    struct __is_fast_hash<hash<u16string>> : std::false_type
        -: 6917:    { };
        -: 6918:
        -: 6919:  /// std::hash specialization for u32string.
        -: 6920:  template<>
        -: 6921:    struct hash<u32string>
        -: 6922:    : public __hash_base<size_t, u32string>
        -: 6923:    {
        -: 6924:      size_t
        -: 6925:      operator()(const u32string& __s) const noexcept
        -: 6926:      { return std::_Hash_impl::hash(__s.data(),
        -: 6927:                                     __s.length() * sizeof(char32_t)); }
        -: 6928:    };
        -: 6929:
        -: 6930:  template<>
        -: 6931:    struct __is_fast_hash<hash<u32string>> : std::false_type
        -: 6932:    { };
        -: 6933:
        -: 6934:#if __cplusplus >= 201402L
        -: 6935:
        -: 6936:#define __cpp_lib_string_udls 201304
        -: 6937:
        -: 6938:  inline namespace literals
        -: 6939:  {
        -: 6940:  inline namespace string_literals
        -: 6941:  {
        -: 6942:#pragma GCC diagnostic push
        -: 6943:#pragma GCC diagnostic ignored "-Wliteral-suffix"
        -: 6944:    _GLIBCXX_DEFAULT_ABI_TAG
        -: 6945:    inline basic_string<char>
        -: 6946:    operator""s(const char* __str, size_t __len)
        -: 6947:    { return basic_string<char>{__str, __len}; }
        -: 6948:
        -: 6949:#ifdef _GLIBCXX_USE_WCHAR_T
        -: 6950:    _GLIBCXX_DEFAULT_ABI_TAG
        -: 6951:    inline basic_string<wchar_t>
        -: 6952:    operator""s(const wchar_t* __str, size_t __len)
        -: 6953:    { return basic_string<wchar_t>{__str, __len}; }
        -: 6954:#endif
        -: 6955:
        -: 6956:#ifdef _GLIBCXX_USE_CHAR8_T
        -: 6957:    _GLIBCXX_DEFAULT_ABI_TAG
        -: 6958:    inline basic_string<char8_t>
        -: 6959:    operator""s(const char8_t* __str, size_t __len)
        -: 6960:    { return basic_string<char8_t>{__str, __len}; }
        -: 6961:#endif
        -: 6962:
        -: 6963:    _GLIBCXX_DEFAULT_ABI_TAG
        -: 6964:    inline basic_string<char16_t>
        -: 6965:    operator""s(const char16_t* __str, size_t __len)
        -: 6966:    { return basic_string<char16_t>{__str, __len}; }
        -: 6967:
        -: 6968:    _GLIBCXX_DEFAULT_ABI_TAG
        -: 6969:    inline basic_string<char32_t>
        -: 6970:    operator""s(const char32_t* __str, size_t __len)
        -: 6971:    { return basic_string<char32_t>{__str, __len}; }
        -: 6972:
        -: 6973:#pragma GCC diagnostic pop
        -: 6974:  } // inline namespace string_literals
        -: 6975:  } // inline namespace literals
        -: 6976:
        -: 6977:#if __cplusplus >= 201703L
        -: 6978:  namespace __detail::__variant
        -: 6979:  {
        -: 6980:    template<typename> struct _Never_valueless_alt; // see <variant>
        -: 6981:
        -: 6982:    // Provide the strong exception-safety guarantee when emplacing a
        -: 6983:    // basic_string into a variant, but only if moving the string cannot throw.
        -: 6984:    template<typename _Tp, typename _Traits, typename _Alloc>
        -: 6985:      struct _Never_valueless_alt<std::basic_string<_Tp, _Traits, _Alloc>>
        -: 6986:      : __and_<
        -: 6987:	is_nothrow_move_constructible<std::basic_string<_Tp, _Traits, _Alloc>>,
        -: 6988:	is_nothrow_move_assignable<std::basic_string<_Tp, _Traits, _Alloc>>
        -: 6989:	>::type
        -: 6990:      { };
        -: 6991:  }  // namespace __detail::__variant
        -: 6992:#endif // C++17
        -: 6993:#endif // C++14
        -: 6994:
        -: 6995:_GLIBCXX_END_NAMESPACE_VERSION
        -: 6996:} // namespace std
        -: 6997:
        -: 6998:#endif // C++11
        -: 6999:
        -: 7000:#endif /* _BASIC_STRING_H */
